#
# There is insufficient memory for the Java Runtime Environment to continue.
# Native memory allocation (mmap) failed to map 96919552 bytes for committing reserved memory.
# Possible reasons:
#   The system is out of physical RAM or swap space
#   The process is running with CompressedOops enabled, and the Java Heap may be blocking the growth of the native heap
# Possible solutions:
#   Reduce memory load on the system
#   Increase physical memory or swap space
#   Check if swap backing store is full
#   Decrease Java heap size (-Xmx/-Xms)
#   Decrease number of Java threads
#   Decrease Java thread stack sizes (-Xss)
#   Set larger code cache with -XX:ReservedCodeCacheSize=
#   JVM is running with Unscaled Compressed Oops mode in which the Java heap is
#     placed in the first 4GB address space. The Java Heap base address is the
#     maximum limit for the native heap growth. Please use -XX:HeapBaseMinAddress
#     to set the Java Heap base and to place the Java Heap above 4GB virtual address.
# This output file may be truncated or incomplete.
#
#  Out of Memory Error (os_linux.cpp:2866), pid=1189, tid=1191
#
# JRE version: OpenJDK Runtime Environment (11.0.7+10) (build 11.0.7+10-post-Ubuntu-2ubuntu218.04)
# Java VM: OpenJDK 64-Bit Server VM (11.0.7+10-post-Ubuntu-2ubuntu218.04, mixed mode, sharing, tiered, compressed oops, serial gc, linux-amd64)
# Core dump will be written. Default location: Core dumps may be processed with "/usr/share/apport/apport %p %s %c %d %P" (or dumping to /usr/games/minecraft/minecraft-server/core.1189)
#

---------------  S U M M A R Y ------------

Command Line: -Xms512M -Xmx1024M server.jar nogui

Host: Intel(R) Xeon(R) CPU E5-2676 v3 @ 2.40GHz, 1 cores, 983M, Ubuntu 18.04.1 LTS
Time: Sat May 23 19:58:22 2020 UTC elapsed time: 4123 seconds (0d 1h 8m 43s)

---------------  T H R E A D  ---------------

Current thread (0x00007f95f40b5000):  VMThread "VM Thread" [stack: 0x00007f95db185000,0x00007f95db285000] [id=1191]

Stack: [0x00007f95db185000,0x00007f95db285000],  sp=0x00007f95db282ff0,  free space=1015k
Native frames: (J=compiled Java code, A=aot compiled Java code, j=interpreted, Vv=VM code, C=native code)
V  [libjvm.so+0xdf8009]
V  [libjvm.so+0xdf8c9b]
V  [libjvm.so+0x6514e5]
V  [libjvm.so+0xbcfbf2]
V  [libjvm.so+0xbc70cf]
V  [libjvm.so+0xdef7a7]
V  [libjvm.so+0x516571]
V  [libjvm.so+0x516714]
V  [libjvm.so+0xd7d857]
V  [libjvm.so+0x516eb9]
V  [libjvm.so+0x7b0d80]
V  [libjvm.so+0x7b19f8]
V  [libjvm.so+0xdf92df]
V  [libjvm.so+0xdfa8d8]
V  [libjvm.so+0xe00a96]
V  [libjvm.so+0xe00fa0]
V  [libjvm.so+0xe01423]
V  [libjvm.so+0xd85acf]
V  [libjvm.so+0xbd59de]

VM_Operation (0x00007f95bbcfd250): GenCollectForAllocation, mode: safepoint, requested by thread 0x00007f95f4afd800


---------------  P R O C E S S  ---------------

Threads class SMR info:
_java_thread_list=0x00007f95c84ca1b0, length=24, elements={
0x00007f95f40b8000, 0x00007f95f40ba000, 0x00007f95f40c3000, 0x00007f95f40c5000,
0x00007f95f40c7000, 0x00007f95f40c9000, 0x00007f95f4103800, 0x00007f95f4109000,
0x00007f95f4889000, 0x00007f95f4ae3800, 0x00007f95f4b00000, 0x00007f95f4afd800,
0x00007f95f4015800, 0x00007f95d400f800, 0x00007f95d40d5800, 0x00007f95d40d7000,
0x00007f95d418c800, 0x00007f95d41a2800, 0x00007f95d41b0000, 0x00007f95d41b3000,
0x00007f95d41c8800, 0x00007f95d41ca000, 0x00007f95d414a000, 0x00007f95c000b800
}

Java Threads: ( => current thread )
  0x00007f95f40b8000 JavaThread "Reference Handler" daemon [_thread_blocked, id=1192, stack(0x00007f95db082000,0x00007f95db183000)]
  0x00007f95f40ba000 JavaThread "Finalizer" daemon [_thread_blocked, id=1193, stack(0x00007f95daf81000,0x00007f95db082000)]
  0x00007f95f40c3000 JavaThread "Signal Dispatcher" daemon [_thread_blocked, id=1194, stack(0x00007f95dab72000,0x00007f95dac73000)]
  0x00007f95f40c5000 JavaThread "C2 CompilerThread0" daemon [_thread_blocked, id=1195, stack(0x00007f95daa71000,0x00007f95dab72000)]
  0x00007f95f40c7000 JavaThread "C1 CompilerThread0" daemon [_thread_blocked, id=1196, stack(0x00007f95da970000,0x00007f95daa71000)]
  0x00007f95f40c9000 JavaThread "Sweeper thread" daemon [_thread_blocked, id=1197, stack(0x00007f95da86f000,0x00007f95da970000)]
  0x00007f95f4103800 JavaThread "Service Thread" daemon [_thread_blocked, id=1198, stack(0x00007f95da76e000,0x00007f95da86f000)]
  0x00007f95f4109000 JavaThread "Common-Cleaner" daemon [_thread_blocked, id=1200, stack(0x00007f95da56b000,0x00007f95da66c000)]
  0x00007f95f4889000 JavaThread "Server-Worker-1" daemon [_thread_blocked, id=1202, stack(0x00007f95d9615000,0x00007f95d9716000)]
  0x00007f95f4ae3800 JavaThread "Snooper Timer" daemon [_thread_blocked, id=1203, stack(0x00007f95d8098000,0x00007f95d8199000)]
  0x00007f95f4b00000 JavaThread "Server Infinisleeper" daemon [_thread_blocked, id=1204, stack(0x00007f95bbcff000,0x00007f95bbe00000)]
  0x00007f95f4afd800 JavaThread "Server thread" [_thread_blocked, id=1205, stack(0x00007f95bbbfe000,0x00007f95bbcff000)]
  0x00007f95f4015800 JavaThread "DestroyJavaVM" [_thread_blocked, id=1190, stack(0x00007f95fb4eb000,0x00007f95fb5ec000)]
  0x00007f95d400f800 JavaThread "Server console handler" daemon [_thread_in_native, id=1206, stack(0x00007f95bbafd000,0x00007f95bbbfe000)]
  0x00007f95d40d5800 JavaThread "ObjectCleanerThread" daemon [_thread_blocked, id=1207, stack(0x00007f95bb5ee000,0x00007f95bb6ef000)]
  0x00007f95d40d7000 JavaThread "Netty Epoll Server IO #0" daemon [_thread_blocked, id=1208, stack(0x00007f95bb4ed000,0x00007f95bb5ee000)]
  0x00007f95d418c800 JavaThread "chunk IO worker" [_thread_blocked, id=1211, stack(0x00007f95bad92000,0x00007f95bae93000)]
  0x00007f95d41a2800 JavaThread "poi IO worker" [_thread_blocked, id=1212, stack(0x00007f95bac91000,0x00007f95bad92000)]
  0x00007f95d41b0000 JavaThread "chunk IO worker" [_thread_blocked, id=1213, stack(0x00007f95bab90000,0x00007f95bac91000)]
  0x00007f95d41b3000 JavaThread "poi IO worker" [_thread_blocked, id=1214, stack(0x00007f95baa8f000,0x00007f95bab90000)]
  0x00007f95d41c8800 JavaThread "chunk IO worker" [_thread_blocked, id=1215, stack(0x00007f95ba98e000,0x00007f95baa8f000)]
  0x00007f95d41ca000 JavaThread "poi IO worker" [_thread_blocked, id=1216, stack(0x00007f95ba88d000,0x00007f95ba98e000)]
  0x00007f95d414a000 JavaThread "Server Watchdog" daemon [_thread_blocked, id=1217, stack(0x00007f95ba38c000,0x00007f95ba48d000)]
  0x00007f95c000b800 JavaThread "Netty Epoll Server IO #1" daemon [_thread_blocked, id=1218, stack(0x00007f95ba28b000,0x00007f95ba38c000)]

Other Threads:
=>0x00007f95f40b5000 VMThread "VM Thread" [stack: 0x00007f95db185000,0x00007f95db285000] [id=1191]
  0x00007f95f4106000 WatcherThread [stack: 0x00007f95da66e000,0x00007f95da76e000] [id=1199]

Threads with active compile tasks:

VM state:at safepoint (normal execution)

VM Mutex/Monitor currently owned by a thread:  ([mutex/lock_event])
[0x00007f95f40116f0] Threads_lock - owner thread: 0x00007f95f40b5000
[0x00007f95f4011ed0] Heap_lock - owner thread: 0x00007f95f4afd800

Heap address: 0x00000000c0000000, size: 1024 MB, Compressed Oops mode: 32-bit
Narrow klass base: 0x0000000800000000, Narrow klass shift: 3
Compressed class space size: 1073741824 Address: 0x0000000840000000

Heap:
 def new generation   total 179904K, used 0K [0x00000000c0000000, 0x00000000cc330000, 0x00000000d5550000)
  eden space 159936K,   0% used [0x00000000c0000000, 0x00000000c0000000, 0x00000000c9c30000)
  from space 19968K,   0% used [0x00000000c9c30000, 0x00000000c9c30000, 0x00000000cafb0000)
  to   space 19968K,   0% used [0x00000000cafb0000, 0x00000000cafb0000, 0x00000000cc330000)
 tenured generation   total 400164K, used 296885K [0x00000000d5550000, 0x00000000edc19000, 0x0000000100000000)
   the space 400164K,  74% used [0x00000000d5550000, 0x00000000e773d7b8, 0x00000000e773d800, 0x00000000edc19000)
 Metaspace       used 61617K, capacity 65040K, committed 65232K, reserved 1105920K
  class space    used 8134K, capacity 9680K, committed 9760K, reserved 1048576K

Card table byte_map: [0x00007f95dbbdb000,0x00007f95dbddc000] _byte_map_base: 0x00007f95db5db000

Polling page: 0x00007f95fb5f3000

Metaspace:

Usage:
  Non-class:     54.06 MB capacity,    52.23 MB ( 97%) used,     1.41 MB (  3%) free+waste,   432.69 KB ( <1%) overhead. 
      Class:      9.45 MB capacity,     7.94 MB ( 84%) used,     1.29 MB ( 14%) free+waste,   223.88 KB (  2%) overhead. 
       Both:     63.52 MB capacity,    60.17 MB ( 95%) used,     2.70 MB (  4%) free+waste,   656.56 KB (  1%) overhead. 

Virtual space:
  Non-class space:       56.00 MB reserved,      54.17 MB ( 97%) committed 
      Class space:        1.00 GB reserved,       9.53 MB ( <1%) committed 
             Both:        1.05 GB reserved,      63.70 MB (  6%) committed 

Chunk freelists:
   Non-Class:  92.00 KB
       Class:  48.00 KB
        Both:  140.00 KB

MaxMetaspaceSize: unlimited
CompressedClassSpaceSize: 1.00 GB

CodeHeap 'non-profiled nmethods': size=120036Kb used=15850Kb max_used=16001Kb free=104185Kb
 bounds [0x00007f95e398e000, 0x00007f95e494e000, 0x00007f95eaec7000]
CodeHeap 'profiled nmethods': size=120032Kb used=19852Kb max_used=25776Kb free=100179Kb
 bounds [0x00007f95dc456000, 0x00007f95ddde6000, 0x00007f95e398e000]
CodeHeap 'non-nmethods': size=5692Kb used=1438Kb max_used=1498Kb free=4253Kb
 bounds [0x00007f95dbec7000, 0x00007f95dc137000, 0x00007f95dc456000]
 total_blobs=32191 nmethods=12575 adapters=812
 compilation: enabled
              stopped_count=0, restarted_count=0
 full_count=0

Compilation events (20 events):
Event: 4119.219 Thread 0x00007f95f40c5000 21319       4       atc::a (33 bytes)
Event: 4119.254 Thread 0x00007f95f40c5000 nmethod 21319 0x00007f95e472cb10 code [0x00007f95e472cde0, 0x00007f95e472dcf0]
Event: 4119.358 Thread 0x00007f95f40c5000 21320       4       bew::b (168 bytes)
Event: 4119.361 Thread 0x00007f95f40c5000 nmethod 21320 0x00007f95e4663510 code [0x00007f95e46636e0, 0x00007f95e46639b8]
Event: 4120.771 Thread 0x00007f95f40c7000 21321       3       azx::i (92 bytes)
Event: 4120.772 Thread 0x00007f95f40c7000 nmethod 21321 0x00007f95dd070b10 code [0x00007f95dd070de0, 0x00007f95dd071f58]
Event: 4120.772 Thread 0x00007f95f40c7000 21322       3       azx::j (14 bytes)
Event: 4120.772 Thread 0x00007f95f40c7000 nmethod 21322 0x00007f95dccfbc90 code [0x00007f95dccfbe60, 0x00007f95dccfc1a8]
Event: 4120.833 Thread 0x00007f95f40c5000 21323       4       akq::aF (169 bytes)
Event: 4120.850 Thread 0x00007f95f40c5000 nmethod 21323 0x00007f95e4797510 code [0x00007f95e47977a0, 0x00007f95e47983c8]
Event: 4121.517 Thread 0x00007f95f40c5000 21324       4       wo::a (16 bytes)
Event: 4121.521 Thread 0x00007f95f40c7000 21326       2       wo$$Lambda$2876/0x0000000840933040::<init> (10 bytes)
Event: 4121.521 Thread 0x00007f95f40c7000 nmethod 21326 0x00007f95dcb57b90 code [0x00007f95dcb57d40, 0x00007f95dcb57ed0]
Event: 4121.536 Thread 0x00007f95f40c5000 nmethod 21324 0x00007f95e4699910 code [0x00007f95e4699ae0, 0x00007f95e4699d88]
Event: 4121.536 Thread 0x00007f95f40c5000 21325       4       wo$$Lambda$2876/0x0000000840933040::get$Lambda (9 bytes)
Event: 4121.536 Thread 0x00007f95f40c5000 nmethod 21325 0x00007f95e4476a10 code [0x00007f95e4476ba0, 0x00007f95e4476c78]
Event: 4121.582 Thread 0x00007f95f40c5000 21327       4       cat::a (53 bytes)
Event: 4121.584 Thread 0x00007f95f40c5000 nmethod 21327 0x00007f95e4586c10 code [0x00007f95e4586da0, 0x00007f95e4586eb8]
Event: 4121.601 Thread 0x00007f95f40c7000 21328       3       cat$$Lambda$3067/0x0000000840977c40::apply (8 bytes)
Event: 4121.602 Thread 0x00007f95f40c7000 nmethod 21328 0x00007f95dcd3d910 code [0x00007f95dcd3dae0, 0x00007f95dcd3de68]

GC Heap History (20 events):
Event: 4110.578 GC heap after
{Heap after GC invocations=2378 (full 4):
 def new generation   total 179904K, used 5839K [0x00000000c0000000, 0x00000000cc330000, 0x00000000d5550000)
  eden space 159936K,   0% used [0x00000000c0000000, 0x00000000c0000000, 0x00000000c9c30000)
  from space 19968K,  29% used [0x00000000c9c30000, 0x00000000ca1e3d68, 0x00000000cafb0000)
  to   space 19968K,   0% used [0x00000000cafb0000, 0x00000000cafb0000, 0x00000000cc330000)
 tenured generation   total 399588K, used 396560K [0x00000000d5550000, 0x00000000edb89000, 0x0000000100000000)
   the space 399588K,  99% used [0x00000000d5550000, 0x00000000ed8941a8, 0x00000000ed894200, 0x00000000edb89000)
 Metaspace       used 61613K, capacity 65040K, committed 65232K, reserved 1105920K
  class space    used 8134K, capacity 9680K, committed 9760K, reserved 1048576K
}
Event: 4111.806 GC heap before
{Heap before GC invocations=2378 (full 4):
 def new generation   total 179904K, used 165775K [0x00000000c0000000, 0x00000000cc330000, 0x00000000d5550000)
  eden space 159936K, 100% used [0x00000000c0000000, 0x00000000c9c30000, 0x00000000c9c30000)
  from space 19968K,  29% used [0x00000000c9c30000, 0x00000000ca1e3d68, 0x00000000cafb0000)
  to   space 19968K,   0% used [0x00000000cafb0000, 0x00000000cafb0000, 0x00000000cc330000)
 tenured generation   total 399588K, used 396560K [0x00000000d5550000, 0x00000000edb89000, 0x0000000100000000)
   the space 399588K,  99% used [0x00000000d5550000, 0x00000000ed8941a8, 0x00000000ed894200, 0x00000000edb89000)
 Metaspace       used 61613K, capacity 65040K, committed 65232K, reserved 1105920K
  class space    used 8134K, capacity 9680K, committed 9760K, reserved 1048576K
}
Event: 4111.814 GC heap after
{Heap after GC invocations=2379 (full 4):
 def new generation   total 179904K, used 5736K [0x00000000c0000000, 0x00000000cc330000, 0x00000000d5550000)
  eden space 159936K,   0% used [0x00000000c0000000, 0x00000000c0000000, 0x00000000c9c30000)
  from space 19968K,  28% used [0x00000000cafb0000, 0x00000000cb54a070, 0x00000000cc330000)
  to   space 19968K,   0% used [0x00000000c9c30000, 0x00000000c9c30000, 0x00000000cafb0000)
 tenured generation   total 399588K, used 396652K [0x00000000d5550000, 0x00000000edb89000, 0x0000000100000000)
   the space 399588K,  99% used [0x00000000d5550000, 0x00000000ed8ab2f8, 0x00000000ed8ab400, 0x00000000edb89000)
 Metaspace       used 61613K, capacity 65040K, committed 65232K, reserved 1105920K
  class space    used 8134K, capacity 9680K, committed 9760K, reserved 1048576K
}
Event: 4113.023 GC heap before
{Heap before GC invocations=2379 (full 4):
 def new generation   total 179904K, used 165672K [0x00000000c0000000, 0x00000000cc330000, 0x00000000d5550000)
  eden space 159936K, 100% used [0x00000000c0000000, 0x00000000c9c30000, 0x00000000c9c30000)
  from space 19968K,  28% used [0x00000000cafb0000, 0x00000000cb54a070, 0x00000000cc330000)
  to   space 19968K,   0% used [0x00000000c9c30000, 0x00000000c9c30000, 0x00000000cafb0000)
 tenured generation   total 399588K, used 396652K [0x00000000d5550000, 0x00000000edb89000, 0x0000000100000000)
   the space 399588K,  99% used [0x00000000d5550000, 0x00000000ed8ab2f8, 0x00000000ed8ab400, 0x00000000edb89000)
 Metaspace       used 61613K, capacity 65040K, committed 65232K, reserved 1105920K
  class space    used 8134K, capacity 9680K, committed 9760K, reserved 1048576K
}
Event: 4113.032 GC heap after
{Heap after GC invocations=2380 (full 4):
 def new generation   total 179904K, used 6268K [0x00000000c0000000, 0x00000000cc330000, 0x00000000d5550000)
  eden space 159936K,   0% used [0x00000000c0000000, 0x00000000c0000000, 0x00000000c9c30000)
  from space 19968K,  31% used [0x00000000c9c30000, 0x00000000ca24f0f0, 0x00000000cafb0000)
  to   space 19968K,   0% used [0x00000000cafb0000, 0x00000000cafb0000, 0x00000000cc330000)
 tenured generation   total 399588K, used 396657K [0x00000000d5550000, 0x00000000edb89000, 0x0000000100000000)
   the space 399588K,  99% used [0x00000000d5550000, 0x00000000ed8ac6e0, 0x00000000ed8ac800, 0x00000000edb89000)
 Metaspace       used 61613K, capacity 65040K, committed 65232K, reserved 1105920K
  class space    used 8134K, capacity 9680K, committed 9760K, reserved 1048576K
}
Event: 4114.322 GC heap before
{Heap before GC invocations=2380 (full 4):
 def new generation   total 179904K, used 166204K [0x00000000c0000000, 0x00000000cc330000, 0x00000000d5550000)
  eden space 159936K, 100% used [0x00000000c0000000, 0x00000000c9c30000, 0x00000000c9c30000)
  from space 19968K,  31% used [0x00000000c9c30000, 0x00000000ca24f0f0, 0x00000000cafb0000)
  to   space 19968K,   0% used [0x00000000cafb0000, 0x00000000cafb0000, 0x00000000cc330000)
 tenured generation   total 399588K, used 396657K [0x00000000d5550000, 0x00000000edb89000, 0x0000000100000000)
   the space 399588K,  99% used [0x00000000d5550000, 0x00000000ed8ac6e0, 0x00000000ed8ac800, 0x00000000edb89000)
 Metaspace       used 61614K, capacity 65040K, committed 65232K, reserved 1105920K
  class space    used 8134K, capacity 9680K, committed 9760K, reserved 1048576K
}
Event: 4114.331 GC heap after
{Heap after GC invocations=2381 (full 4):
 def new generation   total 179904K, used 6200K [0x00000000c0000000, 0x00000000cc330000, 0x00000000d5550000)
  eden space 159936K,   0% used [0x00000000c0000000, 0x00000000c0000000, 0x00000000c9c30000)
  from space 19968K,  31% used [0x00000000cafb0000, 0x00000000cb5be2f0, 0x00000000cc330000)
  to   space 19968K,   0% used [0x00000000c9c30000, 0x00000000c9c30000, 0x00000000cafb0000)
 tenured generation   total 399588K, used 396742K [0x00000000d5550000, 0x00000000edb89000, 0x0000000100000000)
   the space 399588K,  99% used [0x00000000d5550000, 0x00000000ed8c19a8, 0x00000000ed8c1a00, 0x00000000edb89000)
 Metaspace       used 61614K, capacity 65040K, committed 65232K, reserved 1105920K
  class space    used 8134K, capacity 9680K, committed 9760K, reserved 1048576K
}
Event: 4115.525 GC heap before
{Heap before GC invocations=2381 (full 4):
 def new generation   total 179904K, used 166136K [0x00000000c0000000, 0x00000000cc330000, 0x00000000d5550000)
  eden space 159936K, 100% used [0x00000000c0000000, 0x00000000c9c30000, 0x00000000c9c30000)
  from space 19968K,  31% used [0x00000000cafb0000, 0x00000000cb5be2f0, 0x00000000cc330000)
  to   space 19968K,   0% used [0x00000000c9c30000, 0x00000000c9c30000, 0x00000000cafb0000)
 tenured generation   total 399588K, used 396742K [0x00000000d5550000, 0x00000000edb89000, 0x0000000100000000)
   the space 399588K,  99% used [0x00000000d5550000, 0x00000000ed8c19a8, 0x00000000ed8c1a00, 0x00000000edb89000)
 Metaspace       used 61616K, capacity 65040K, committed 65232K, reserved 1105920K
  class space    used 8134K, capacity 9680K, committed 9760K, reserved 1048576K
}
Event: 4115.535 GC heap after
{Heap after GC invocations=2382 (full 4):
 def new generation   total 179904K, used 6753K [0x00000000c0000000, 0x00000000cc330000, 0x00000000d5550000)
  eden space 159936K,   0% used [0x00000000c0000000, 0x00000000c0000000, 0x00000000c9c30000)
  from space 19968K,  33% used [0x00000000c9c30000, 0x00000000ca2c85d0, 0x00000000cafb0000)
  to   space 19968K,   0% used [0x00000000cafb0000, 0x00000000cafb0000, 0x00000000cc330000)
 tenured generation   total 399588K, used 396814K [0x00000000d5550000, 0x00000000edb89000, 0x0000000100000000)
   the space 399588K,  99% used [0x00000000d5550000, 0x00000000ed8d3870, 0x00000000ed8d3a00, 0x00000000edb89000)
 Metaspace       used 61616K, capacity 65040K, committed 65232K, reserved 1105920K
  class space    used 8134K, capacity 9680K, committed 9760K, reserved 1048576K
}
Event: 4116.713 GC heap before
{Heap before GC invocations=2382 (full 4):
 def new generation   total 179904K, used 166689K [0x00000000c0000000, 0x00000000cc330000, 0x00000000d5550000)
  eden space 159936K, 100% used [0x00000000c0000000, 0x00000000c9c30000, 0x00000000c9c30000)
  from space 19968K,  33% used [0x00000000c9c30000, 0x00000000ca2c85d0, 0x00000000cafb0000)
  to   space 19968K,   0% used [0x00000000cafb0000, 0x00000000cafb0000, 0x00000000cc330000)
 tenured generation   total 399588K, used 396814K [0x00000000d5550000, 0x00000000edb89000, 0x0000000100000000)
   the space 399588K,  99% used [0x00000000d5550000, 0x00000000ed8d3870, 0x00000000ed8d3a00, 0x00000000edb89000)
 Metaspace       used 61616K, capacity 65040K, committed 65232K, reserved 1105920K
  class space    used 8134K, capacity 9680K, committed 9760K, reserved 1048576K
}
Event: 4116.723 GC heap after
{Heap after GC invocations=2383 (full 4):
 def new generation   total 179904K, used 6778K [0x00000000c0000000, 0x00000000cc330000, 0x00000000d5550000)
  eden space 159936K,   0% used [0x00000000c0000000, 0x00000000c0000000, 0x00000000c9c30000)
  from space 19968K,  33% used [0x00000000cafb0000, 0x00000000cb64ea48, 0x00000000cc330000)
  to   space 19968K,   0% used [0x00000000c9c30000, 0x00000000c9c30000, 0x00000000cafb0000)
 tenured generation   total 399588K, used 397024K [0x00000000d5550000, 0x00000000edb89000, 0x0000000100000000)
   the space 399588K,  99% used [0x00000000d5550000, 0x00000000ed9080b0, 0x00000000ed908200, 0x00000000edb89000)
 Metaspace       used 61616K, capacity 65040K, committed 65232K, reserved 1105920K
  class space    used 8134K, capacity 9680K, committed 9760K, reserved 1048576K
}
Event: 4117.926 GC heap before
{Heap before GC invocations=2383 (full 4):
 def new generation   total 179904K, used 166714K [0x00000000c0000000, 0x00000000cc330000, 0x00000000d5550000)
  eden space 159936K, 100% used [0x00000000c0000000, 0x00000000c9c30000, 0x00000000c9c30000)
  from space 19968K,  33% used [0x00000000cafb0000, 0x00000000cb64ea48, 0x00000000cc330000)
  to   space 19968K,   0% used [0x00000000c9c30000, 0x00000000c9c30000, 0x00000000cafb0000)
 tenured generation   total 399588K, used 397024K [0x00000000d5550000, 0x00000000edb89000, 0x0000000100000000)
   the space 399588K,  99% used [0x00000000d5550000, 0x00000000ed9080b0, 0x00000000ed908200, 0x00000000edb89000)
 Metaspace       used 61616K, capacity 65040K, committed 65232K, reserved 1105920K
  class space    used 8134K, capacity 9680K, committed 9760K, reserved 1048576K
}
Event: 4117.936 GC heap after
{Heap after GC invocations=2384 (full 4):
 def new generation   total 179904K, used 6649K [0x00000000c0000000, 0x00000000cc330000, 0x00000000d5550000)
  eden space 159936K,   0% used [0x00000000c0000000, 0x00000000c0000000, 0x00000000c9c30000)
  from space 19968K,  33% used [0x00000000c9c30000, 0x00000000ca2ae5f0, 0x00000000cafb0000)
  to   space 19968K,   0% used [0x00000000cafb0000, 0x00000000cafb0000, 0x00000000cc330000)
 tenured generation   total 399588K, used 397184K [0x00000000d5550000, 0x00000000edb89000, 0x0000000100000000)
   the space 399588K,  99% used [0x00000000d5550000, 0x00000000ed9302a8, 0x00000000ed930400, 0x00000000edb89000)
 Metaspace       used 61616K, capacity 65040K, committed 65232K, reserved 1105920K
  class space    used 8134K, capacity 9680K, committed 9760K, reserved 1048576K
}
Event: 4118.974 GC heap before
{Heap before GC invocations=2384 (full 4):
 def new generation   total 179904K, used 166585K [0x00000000c0000000, 0x00000000cc330000, 0x00000000d5550000)
  eden space 159936K, 100% used [0x00000000c0000000, 0x00000000c9c30000, 0x00000000c9c30000)
  from space 19968K,  33% used [0x00000000c9c30000, 0x00000000ca2ae5f0, 0x00000000cafb0000)
  to   space 19968K,   0% used [0x00000000cafb0000, 0x00000000cafb0000, 0x00000000cc330000)
 tenured generation   total 399588K, used 397184K [0x00000000d5550000, 0x00000000edb89000, 0x0000000100000000)
   the space 399588K,  99% used [0x00000000d5550000, 0x00000000ed9302a8, 0x00000000ed930400, 0x00000000edb89000)
 Metaspace       used 61616K, capacity 65040K, committed 65232K, reserved 1105920K
  class space    used 8134K, capacity 9680K, committed 9760K, reserved 1048576K
}
Event: 4118.985 GC heap after
{Heap after GC invocations=2385 (full 4):
 def new generation   total 179904K, used 6977K [0x00000000c0000000, 0x00000000cc330000, 0x00000000d5550000)
  eden space 159936K,   0% used [0x00000000c0000000, 0x00000000c0000000, 0x00000000c9c30000)
  from space 19968K,  34% used [0x00000000cafb0000, 0x00000000cb6807f8, 0x00000000cc330000)
  to   space 19968K,   0% used [0x00000000c9c30000, 0x00000000c9c30000, 0x00000000cafb0000)
 tenured generation   total 399588K, used 397453K [0x00000000d5550000, 0x00000000edb89000, 0x0000000100000000)
   the space 399588K,  99% used [0x00000000d5550000, 0x00000000ed973738, 0x00000000ed973800, 0x00000000edb89000)
 Metaspace       used 61616K, capacity 65040K, committed 65232K, reserved 1105920K
  class space    used 8134K, capacity 9680K, committed 9760K, reserved 1048576K
}
Event: 4120.182 GC heap before
{Heap before GC invocations=2385 (full 4):
 def new generation   total 179904K, used 166913K [0x00000000c0000000, 0x00000000cc330000, 0x00000000d5550000)
  eden space 159936K, 100% used [0x00000000c0000000, 0x00000000c9c30000, 0x00000000c9c30000)
  from space 19968K,  34% used [0x00000000cafb0000, 0x00000000cb6807f8, 0x00000000cc330000)
  to   space 19968K,   0% used [0x00000000c9c30000, 0x00000000c9c30000, 0x00000000cafb0000)
 tenured generation   total 399588K, used 397453K [0x00000000d5550000, 0x00000000edb89000, 0x0000000100000000)
   the space 399588K,  99% used [0x00000000d5550000, 0x00000000ed973738, 0x00000000ed973800, 0x00000000edb89000)
 Metaspace       used 61616K, capacity 65040K, committed 65232K, reserved 1105920K
  class space    used 8134K, capacity 9680K, committed 9760K, reserved 1048576K
}
Event: 4120.192 GC heap after
{Heap after GC invocations=2386 (full 4):
 def new generation   total 179904K, used 5949K [0x00000000c0000000, 0x00000000cc330000, 0x00000000d5550000)
  eden space 159936K,   0% used [0x00000000c0000000, 0x00000000c0000000, 0x00000000c9c30000)
  from space 19968K,  29% used [0x00000000c9c30000, 0x00000000ca1ff4c8, 0x00000000cafb0000)
  to   space 19968K,   0% used [0x00000000cafb0000, 0x00000000cafb0000, 0x00000000cc330000)
 tenured generation   total 399588K, used 398525K [0x00000000d5550000, 0x00000000edb89000, 0x0000000100000000)
   the space 399588K,  99% used [0x00000000d5550000, 0x00000000eda7f4a8, 0x00000000eda7f600, 0x00000000edb89000)
 Metaspace       used 61616K, capacity 65040K, committed 65232K, reserved 1105920K
  class space    used 8134K, capacity 9680K, committed 9760K, reserved 1048576K
}
Event: 4121.523 GC heap before
{Heap before GC invocations=2386 (full 4):
 def new generation   total 179904K, used 165885K [0x00000000c0000000, 0x00000000cc330000, 0x00000000d5550000)
  eden space 159936K, 100% used [0x00000000c0000000, 0x00000000c9c30000, 0x00000000c9c30000)
  from space 19968K,  29% used [0x00000000c9c30000, 0x00000000ca1ff4c8, 0x00000000cafb0000)
  to   space 19968K,   0% used [0x00000000cafb0000, 0x00000000cafb0000, 0x00000000cc330000)
 tenured generation   total 399588K, used 398525K [0x00000000d5550000, 0x00000000edb89000, 0x0000000100000000)
   the space 399588K,  99% used [0x00000000d5550000, 0x00000000eda7f4a8, 0x00000000eda7f600, 0x00000000edb89000)
 Metaspace       used 61616K, capacity 65040K, committed 65232K, reserved 1105920K
  class space    used 8134K, capacity 9680K, committed 9760K, reserved 1048576K
}
Event: 4121.533 GC heap after
{Heap after GC invocations=2387 (full 4):
 def new generation   total 179904K, used 5295K [0x00000000c0000000, 0x00000000cc330000, 0x00000000d5550000)
  eden space 159936K,   0% used [0x00000000c0000000, 0x00000000c0000000, 0x00000000c9c30000)
  from space 19968K,  26% used [0x00000000cafb0000, 0x00000000cb4dbe30, 0x00000000cc330000)
  to   space 19968K,   0% used [0x00000000c9c30000, 0x00000000c9c30000, 0x00000000cafb0000)
 tenured generation   total 399588K, used 399397K [0x00000000d5550000, 0x00000000edb89000, 0x0000000100000000)
   the space 399588K,  99% used [0x00000000d5550000, 0x00000000edb594e0, 0x00000000edb59600, 0x00000000edb89000)
 Metaspace       used 61616K, capacity 65040K, committed 65232K, reserved 1105920K
  class space    used 8134K, capacity 9680K, committed 9760K, reserved 1048576K
}
Event: 4122.662 GC heap before
{Heap before GC invocations=2387 (full 4):
 def new generation   total 179904K, used 165231K [0x00000000c0000000, 0x00000000cc330000, 0x00000000d5550000)
  eden space 159936K, 100% used [0x00000000c0000000, 0x00000000c9c30000, 0x00000000c9c30000)
  from space 19968K,  26% used [0x00000000cafb0000, 0x00000000cb4dbe30, 0x00000000cc330000)
  to   space 19968K,   0% used [0x00000000c9c30000, 0x00000000c9c30000, 0x00000000cafb0000)
 tenured generation   total 399588K, used 399397K [0x00000000d5550000, 0x00000000edb89000, 0x0000000100000000)
   the space 399588K,  99% used [0x00000000d5550000, 0x00000000edb594e0, 0x00000000edb59600, 0x00000000edb89000)
 Metaspace       used 61617K, capacity 65040K, committed 65232K, reserved 1105920K
  class space    used 8134K, capacity 9680K, committed 9760K, reserved 1048576K
}

Deoptimization events (20 events):
Event: 4108.044 Thread 0x00007f95f4afd800 Uncommon trap: trap_request=0xffffff4d fr.pc=0x00007f95e4151538 relative=0x0000000000001778
Event: 4108.044 Thread 0x00007f95f4afd800 Uncommon trap: reason=unstable_if action=reinterpret pc=0x00007f95e4151538 method=azx.h()V @ 356 c2
Event: 4108.044 Thread 0x00007f95f4afd800 DEOPT PACKING pc=0x00007f95e4151538 sp=0x00007f95bbcfd450
Event: 4108.044 Thread 0x00007f95f4afd800 DEOPT UNPACKING pc=0x00007f95dbeef3a5 sp=0x00007f95bbcfd3f8 mode 2
Event: 4108.044 Thread 0x00007f95f4afd800 Uncommon trap: trap_request=0xffffffde fr.pc=0x00007f95e40b8f6c relative=0x00000000000005cc
Event: 4108.044 Thread 0x00007f95f4afd800 Uncommon trap: reason=class_check action=maybe_recompile pc=0x00007f95e40b8f6c method=akq.w(Lakq;)Z @ 4 c2
Event: 4108.044 Thread 0x00007f95f4afd800 DEOPT PACKING pc=0x00007f95e40b8f6c sp=0x00007f95bbcfd380
Event: 4108.044 Thread 0x00007f95f4afd800 DEOPT UNPACKING pc=0x00007f95dbeef3a5 sp=0x00007f95bbcfd370 mode 2
Event: 4108.080 Thread 0x00007f95f4afd800 Uncommon trap: trap_request=0xffffffde fr.pc=0x00007f95e40b8f6c relative=0x00000000000005cc
Event: 4108.080 Thread 0x00007f95f4afd800 Uncommon trap: reason=class_check action=maybe_recompile pc=0x00007f95e40b8f6c method=akq.w(Lakq;)Z @ 4 c2
Event: 4108.080 Thread 0x00007f95f4afd800 DEOPT PACKING pc=0x00007f95e40b8f6c sp=0x00007f95bbcfd380
Event: 4108.080 Thread 0x00007f95f4afd800 DEOPT UNPACKING pc=0x00007f95dbeef3a5 sp=0x00007f95bbcfd370 mode 2
Event: 4108.122 Thread 0x00007f95f4afd800 Uncommon trap: trap_request=0xffffffde fr.pc=0x00007f95e40b8f6c relative=0x00000000000005cc
Event: 4108.122 Thread 0x00007f95f4afd800 Uncommon trap: reason=class_check action=maybe_recompile pc=0x00007f95e40b8f6c method=akq.w(Lakq;)Z @ 4 c2
Event: 4108.122 Thread 0x00007f95f4afd800 DEOPT PACKING pc=0x00007f95e40b8f6c sp=0x00007f95bbcfd380
Event: 4108.122 Thread 0x00007f95f4afd800 DEOPT UNPACKING pc=0x00007f95dbeef3a5 sp=0x00007f95bbcfd370 mode 2
Event: 4108.172 Thread 0x00007f95f4afd800 Uncommon trap: trap_request=0xffffffde fr.pc=0x00007f95e40b8f6c relative=0x00000000000005cc
Event: 4108.172 Thread 0x00007f95f4afd800 Uncommon trap: reason=class_check action=maybe_recompile pc=0x00007f95e40b8f6c method=akq.w(Lakq;)Z @ 4 c2
Event: 4108.172 Thread 0x00007f95f4afd800 DEOPT PACKING pc=0x00007f95e40b8f6c sp=0x00007f95bbcfd380
Event: 4108.172 Thread 0x00007f95f4afd800 DEOPT UNPACKING pc=0x00007f95dbeef3a5 sp=0x00007f95bbcfd370 mode 2

Classes redefined (0 events):
No events

Internal exceptions (20 events):
Event: 4118.890 Thread 0x00007f95d418c800 Exception <a 'sun/nio/fs/UnixException'{0x00000000c8e4f7b0}> (0x00000000c8e4f7b0) thrown at [./src/hotspot/share/prims/jni.cpp, line 615]
Event: 4118.890 Thread 0x00007f95d418c800 Exception <a 'sun/nio/fs/UnixException'{0x00000000c8e51f60}> (0x00000000c8e51f60) thrown at [./src/hotspot/share/prims/jni.cpp, line 615]
Event: 4118.890 Thread 0x00007f95d418c800 Exception <a 'sun/nio/fs/UnixException'{0x00000000c8e58970}> (0x00000000c8e58970) thrown at [./src/hotspot/share/prims/jni.cpp, line 615]
Event: 4118.891 Thread 0x00007f95d418c800 Exception <a 'sun/nio/fs/UnixException'{0x00000000c8e5b120}> (0x00000000c8e5b120) thrown at [./src/hotspot/share/prims/jni.cpp, line 615]
Event: 4118.891 Thread 0x00007f95d418c800 Exception <a 'sun/nio/fs/UnixException'{0x00000000c8e61c20}> (0x00000000c8e61c20) thrown at [./src/hotspot/share/prims/jni.cpp, line 615]
Event: 4118.891 Thread 0x00007f95d418c800 Exception <a 'sun/nio/fs/UnixException'{0x00000000c8e643d8}> (0x00000000c8e643d8) thrown at [./src/hotspot/share/prims/jni.cpp, line 615]
Event: 4118.891 Thread 0x00007f95d418c800 Exception <a 'sun/nio/fs/UnixException'{0x00000000c8e6adf0}> (0x00000000c8e6adf0) thrown at [./src/hotspot/share/prims/jni.cpp, line 615]
Event: 4118.891 Thread 0x00007f95d418c800 Exception <a 'sun/nio/fs/UnixException'{0x00000000c8e6d5a0}> (0x00000000c8e6d5a0) thrown at [./src/hotspot/share/prims/jni.cpp, line 615]
Event: 4118.891 Thread 0x00007f95d418c800 Exception <a 'sun/nio/fs/UnixException'{0x00000000c8e74090}> (0x00000000c8e74090) thrown at [./src/hotspot/share/prims/jni.cpp, line 615]
Event: 4118.891 Thread 0x00007f95d418c800 Exception <a 'sun/nio/fs/UnixException'{0x00000000c8e76840}> (0x00000000c8e76840) thrown at [./src/hotspot/share/prims/jni.cpp, line 615]
Event: 4118.892 Thread 0x00007f95d418c800 Exception <a 'sun/nio/fs/UnixException'{0x00000000c8e7d250}> (0x00000000c8e7d250) thrown at [./src/hotspot/share/prims/jni.cpp, line 615]
Event: 4118.932 Thread 0x00007f95d418c800 Exception <a 'sun/nio/fs/UnixException'{0x00000000c952bee0}> (0x00000000c952bee0) thrown at [./src/hotspot/share/prims/jni.cpp, line 615]
Event: 4121.601 Thread 0x00007f95d418c800 Exception <a 'sun/nio/fs/UnixException'{0x00000000c1301110}> (0x00000000c1301110) thrown at [./src/hotspot/share/prims/jni.cpp, line 615]
Event: 4121.601 Thread 0x00007f95d418c800 Exception <a 'sun/nio/fs/UnixException'{0x00000000c1309c00}> (0x00000000c1309c00) thrown at [./src/hotspot/share/prims/jni.cpp, line 615]
Event: 4121.602 Thread 0x00007f95d418c800 Exception <a 'sun/nio/fs/UnixException'{0x00000000c130e6b8}> (0x00000000c130e6b8) thrown at [./src/hotspot/share/prims/jni.cpp, line 615]
Event: 4121.602 Thread 0x00007f95d418c800 Exception <a 'sun/nio/fs/UnixException'{0x00000000c131aa18}> (0x00000000c131aa18) thrown at [./src/hotspot/share/prims/jni.cpp, line 615]
Event: 4121.602 Thread 0x00007f95d418c800 Exception <a 'sun/nio/fs/UnixException'{0x00000000c1324e90}> (0x00000000c1324e90) thrown at [./src/hotspot/share/prims/jni.cpp, line 615]
Event: 4121.603 Thread 0x00007f95d418c800 Exception <a 'sun/nio/fs/UnixException'{0x00000000c132ba30}> (0x00000000c132ba30) thrown at [./src/hotspot/share/prims/jni.cpp, line 615]
Event: 4121.604 Thread 0x00007f95d418c800 Exception <a 'sun/nio/fs/UnixException'{0x00000000c134dde0}> (0x00000000c134dde0) thrown at [./src/hotspot/share/prims/jni.cpp, line 615]
Event: 4121.604 Thread 0x00007f95d418c800 Exception <a 'sun/nio/fs/UnixException'{0x00000000c1352980}> (0x00000000c1352980) thrown at [./src/hotspot/share/prims/jni.cpp, line 615]

Events (20 events):
Event: 4110.578 Executing VM operation: GenCollectForAllocation done
Event: 4111.806 Executing VM operation: GenCollectForAllocation
Event: 4111.815 Executing VM operation: GenCollectForAllocation done
Event: 4113.023 Executing VM operation: GenCollectForAllocation
Event: 4113.032 Executing VM operation: GenCollectForAllocation done
Event: 4114.322 Executing VM operation: GenCollectForAllocation
Event: 4114.331 Executing VM operation: GenCollectForAllocation done
Event: 4115.525 Executing VM operation: GenCollectForAllocation
Event: 4115.535 Executing VM operation: GenCollectForAllocation done
Event: 4116.713 Executing VM operation: GenCollectForAllocation
Event: 4116.728 Executing VM operation: GenCollectForAllocation done
Event: 4117.926 Executing VM operation: GenCollectForAllocation
Event: 4117.936 Executing VM operation: GenCollectForAllocation done
Event: 4118.974 Executing VM operation: GenCollectForAllocation
Event: 4118.985 Executing VM operation: GenCollectForAllocation done
Event: 4120.182 Executing VM operation: GenCollectForAllocation
Event: 4120.192 Executing VM operation: GenCollectForAllocation done
Event: 4121.523 Executing VM operation: GenCollectForAllocation
Event: 4121.539 Executing VM operation: GenCollectForAllocation done
Event: 4122.662 Executing VM operation: GenCollectForAllocation


Dynamic libraries:
c0000000-cc330000 rw-p 00000000 00:00 0 
cc330000-d5550000 ---p 00000000 00:00 0 
d5550000-edc19000 rw-p 00000000 00:00 0 
f3887000-100000000 ---p 00000000 00:00 0 
800000000-800002000 rwxp 00001000 ca:01 256416                           /usr/lib/jvm/java-11-openjdk-amd64/lib/server/classes.jsa
800002000-8003b8000 rw-p 00003000 ca:01 256416                           /usr/lib/jvm/java-11-openjdk-amd64/lib/server/classes.jsa
8003b8000-800a7f000 r--p 003b9000 ca:01 256416                           /usr/lib/jvm/java-11-openjdk-amd64/lib/server/classes.jsa
800a7f000-800a80000 rw-p 00a80000 ca:01 256416                           /usr/lib/jvm/java-11-openjdk-amd64/lib/server/classes.jsa
800a80000-80108c000 r--p 00a81000 ca:01 256416                           /usr/lib/jvm/java-11-openjdk-amd64/lib/server/classes.jsa
840000000-840988000 rw-p 00000000 00:00 0 
840988000-880000000 ---p 00000000 00:00 0 
564919924000-564919925000 r-xp 00000000 ca:01 256992                     /usr/lib/jvm/java-11-openjdk-amd64/bin/java
564919b25000-564919b26000 r--p 00001000 ca:01 256992                     /usr/lib/jvm/java-11-openjdk-amd64/bin/java
564919b26000-564919b27000 rw-p 00002000 ca:01 256992                     /usr/lib/jvm/java-11-openjdk-amd64/bin/java
56491adf3000-56491aef0000 rw-p 00000000 00:00 0                          [heap]
7f95b6e55000-7f95b6e95000 rw-p 00000000 00:00 0 
7f95b6e95000-7f95b7055000 ---p 00000000 00:00 0 
7f95b7055000-7f95b7255000 rw-p 00000000 00:00 0 
7f95b7255000-7f95b8456000 rw-p 00000000 00:00 0 
7f95b8456000-7f95b8656000 rw-p 00000000 00:00 0 
7f95b8656000-7f95b865a000 ---p 00000000 00:00 0 
7f95b865a000-7f95b8957000 rw-p 00000000 00:00 0 
7f95b8957000-7f95b8959000 r-xp 00000000 ca:01 257126                     /usr/lib/jvm/java-11-openjdk-amd64/lib/libextnet.so
7f95b8959000-7f95b8b58000 ---p 00002000 ca:01 257126                     /usr/lib/jvm/java-11-openjdk-amd64/lib/libextnet.so
7f95b8b58000-7f95b8b59000 r--p 00001000 ca:01 257126                     /usr/lib/jvm/java-11-openjdk-amd64/lib/libextnet.so
7f95b8b59000-7f95b8b5a000 rw-p 00002000 ca:01 257126                     /usr/lib/jvm/java-11-openjdk-amd64/lib/libextnet.so
7f95b8b5a000-7f95b8d5a000 rw-p 00000000 00:00 0 
7f95b8d5a000-7f95b8d5e000 ---p 00000000 00:00 0 
7f95b8d5e000-7f95b8e5b000 rw-p 00000000 00:00 0 
7f95b8e5b000-7f95b8e85000 r-xp 00000000 ca:01 257151                     /usr/lib/jvm/java-11-openjdk-amd64/lib/libsunec.so
7f95b8e85000-7f95b9084000 ---p 0002a000 ca:01 257151                     /usr/lib/jvm/java-11-openjdk-amd64/lib/libsunec.so
7f95b9084000-7f95b9088000 r--p 00029000 ca:01 257151                     /usr/lib/jvm/java-11-openjdk-amd64/lib/libsunec.so
7f95b9088000-7f95b908a000 rw-p 0002d000 ca:01 257151                     /usr/lib/jvm/java-11-openjdk-amd64/lib/libsunec.so
7f95b908a000-7f95ba28b000 rw-p 00000000 00:00 0 
7f95ba28b000-7f95ba28f000 ---p 00000000 00:00 0 
7f95ba28f000-7f95ba38c000 rw-p 00000000 00:00 0 
7f95ba38c000-7f95ba390000 ---p 00000000 00:00 0 
7f95ba390000-7f95ba68d000 rw-p 00000000 00:00 0 
7f95ba68d000-7f95ba88d000 rw-p 00000000 00:00 0 
7f95ba88d000-7f95ba891000 ---p 00000000 00:00 0 
7f95ba891000-7f95ba98e000 rw-p 00000000 00:00 0 
7f95ba98e000-7f95ba992000 ---p 00000000 00:00 0 
7f95ba992000-7f95baa8f000 rw-p 00000000 00:00 0 
7f95baa8f000-7f95baa93000 ---p 00000000 00:00 0 
7f95baa93000-7f95bab90000 rw-p 00000000 00:00 0 
7f95bab90000-7f95bab94000 ---p 00000000 00:00 0 
7f95bab94000-7f95bac91000 rw-p 00000000 00:00 0 
7f95bac91000-7f95bac95000 ---p 00000000 00:00 0 
7f95bac95000-7f95bad92000 rw-p 00000000 00:00 0 
7f95bad92000-7f95bad96000 ---p 00000000 00:00 0 
7f95bad96000-7f95bb093000 rw-p 00000000 00:00 0 
7f95bb093000-7f95bb4ed000 rw-p 00000000 00:00 0 
7f95bb4ed000-7f95bb4f1000 ---p 00000000 00:00 0 
7f95bb4f1000-7f95bb5ee000 rw-p 00000000 00:00 0 
7f95bb5ee000-7f95bb5f2000 ---p 00000000 00:00 0 
7f95bb5f2000-7f95bb8ef000 rw-p 00000000 00:00 0 
7f95bb8ef000-7f95bb8fc000 r-xp 00000000 ca:01 6471                       /tmp/libnetty_transport_native_epoll_x86_649062117391285844167.so (deleted)
7f95bb8fc000-7f95bbafb000 ---p 0000d000 ca:01 6471                       /tmp/libnetty_transport_native_epoll_x86_649062117391285844167.so (deleted)
7f95bbafb000-7f95bbafd000 rw-p 0000c000 ca:01 6471                       /tmp/libnetty_transport_native_epoll_x86_649062117391285844167.so (deleted)
7f95bbafd000-7f95bbb01000 ---p 00000000 00:00 0 
7f95bbb01000-7f95bbbfe000 rw-p 00000000 00:00 0 
7f95bbbfe000-7f95bbc02000 ---p 00000000 00:00 0 
7f95bbc02000-7f95bbcff000 rw-p 00000000 00:00 0 
7f95bbcff000-7f95bbd03000 ---p 00000000 00:00 0 
7f95bbd03000-7f95bc000000 rw-p 00000000 00:00 0 
7f95bc000000-7f95bcabb000 rw-p 00000000 00:00 0 
7f95bcabb000-7f95c0000000 ---p 00000000 00:00 0 
7f95c0000000-7f95c0169000 rw-p 00000000 00:00 0 
7f95c0169000-7f95c4000000 ---p 00000000 00:00 0 
7f95c4000000-7f95c40ec000 rw-p 00000000 00:00 0 
7f95c40ec000-7f95c8000000 ---p 00000000 00:00 0 
7f95c8000000-7f95cb1a6000 rw-p 00000000 00:00 0 
7f95cb1a6000-7f95cc000000 ---p 00000000 00:00 0 
7f95cc000000-7f95cc021000 rw-p 00000000 00:00 0 
7f95cc021000-7f95d0000000 ---p 00000000 00:00 0 
7f95d0000000-7f95d0021000 rw-p 00000000 00:00 0 
7f95d0021000-7f95d4000000 ---p 00000000 00:00 0 
7f95d4000000-7f95d43b1000 rw-p 00000000 00:00 0 
7f95d43b1000-7f95d8000000 ---p 00000000 00:00 0 
7f95d8098000-7f95d809c000 ---p 00000000 00:00 0 
7f95d809c000-7f95d8399000 rw-p 00000000 00:00 0 
7f95d8399000-7f95d8599000 rw-p 00000000 00:00 0 
7f95d8615000-7f95d8815000 rw-p 00000000 00:00 0 
7f95d8815000-7f95d8a15000 rw-p 00000000 00:00 0 
7f95d8a15000-7f95d8c15000 rw-p 00000000 00:00 0 
7f95d8c15000-7f95d8e15000 rw-p 00000000 00:00 0 
7f95d8e15000-7f95d9001000 rw-p 00000000 00:00 0 
7f95d9001000-7f95d9015000 ---p 00000000 00:00 0 
7f95d9015000-7f95d9215000 rw-p 00000000 00:00 0 
7f95d9215000-7f95d9415000 rw-p 00000000 00:00 0 
7f95d9415000-7f95d9615000 rw-p 00000000 00:00 0 
7f95d9615000-7f95d9619000 ---p 00000000 00:00 0 
7f95d9619000-7f95d9716000 rw-p 00000000 00:00 0 
7f95d9716000-7f95d972d000 r-xp 00000000 ca:01 2181                       /lib/x86_64-linux-gnu/libresolv-2.27.so
7f95d972d000-7f95d992d000 ---p 00017000 ca:01 2181                       /lib/x86_64-linux-gnu/libresolv-2.27.so
7f95d992d000-7f95d992e000 r--p 00017000 ca:01 2181                       /lib/x86_64-linux-gnu/libresolv-2.27.so
7f95d992e000-7f95d992f000 rw-p 00018000 ca:01 2181                       /lib/x86_64-linux-gnu/libresolv-2.27.so
7f95d992f000-7f95d9931000 rw-p 00000000 00:00 0 
7f95d9931000-7f95d9936000 r-xp 00000000 ca:01 2088                       /lib/x86_64-linux-gnu/libnss_dns-2.27.so
7f95d9936000-7f95d9b36000 ---p 00005000 ca:01 2088                       /lib/x86_64-linux-gnu/libnss_dns-2.27.so
7f95d9b36000-7f95d9b37000 r--p 00005000 ca:01 2088                       /lib/x86_64-linux-gnu/libnss_dns-2.27.so
7f95d9b37000-7f95d9b38000 rw-p 00006000 ca:01 2088                       /lib/x86_64-linux-gnu/libnss_dns-2.27.so
7f95d9b38000-7f95d9d38000 rw-p 00000000 00:00 0 
7f95d9d38000-7f95d9d3d000 r-xp 00000000 ca:01 257143                     /usr/lib/jvm/java-11-openjdk-amd64/lib/libmanagement_ext.so
7f95d9d3d000-7f95d9f3c000 ---p 00005000 ca:01 257143                     /usr/lib/jvm/java-11-openjdk-amd64/lib/libmanagement_ext.so
7f95d9f3c000-7f95d9f3d000 r--p 00004000 ca:01 257143                     /usr/lib/jvm/java-11-openjdk-amd64/lib/libmanagement_ext.so
7f95d9f3d000-7f95d9f3e000 rw-p 00005000 ca:01 257143                     /usr/lib/jvm/java-11-openjdk-amd64/lib/libmanagement_ext.so
7f95d9f3e000-7f95d9f42000 r-xp 00000000 ca:01 257141                     /usr/lib/jvm/java-11-openjdk-amd64/lib/libmanagement.so
7f95d9f42000-7f95da141000 ---p 00004000 ca:01 257141                     /usr/lib/jvm/java-11-openjdk-amd64/lib/libmanagement.so
7f95da141000-7f95da142000 r--p 00003000 ca:01 257141                     /usr/lib/jvm/java-11-openjdk-amd64/lib/libmanagement.so
7f95da142000-7f95da143000 rw-p 00004000 ca:01 257141                     /usr/lib/jvm/java-11-openjdk-amd64/lib/libmanagement.so
7f95da143000-7f95da159000 r-xp 00000000 ca:01 257145                     /usr/lib/jvm/java-11-openjdk-amd64/lib/libnet.so
7f95da159000-7f95da358000 ---p 00016000 ca:01 257145                     /usr/lib/jvm/java-11-openjdk-amd64/lib/libnet.so
7f95da358000-7f95da359000 r--p 00015000 ca:01 257145                     /usr/lib/jvm/java-11-openjdk-amd64/lib/libnet.so
7f95da359000-7f95da35a000 rw-p 00016000 ca:01 257145                     /usr/lib/jvm/java-11-openjdk-amd64/lib/libnet.so
7f95da35a000-7f95da36a000 r-xp 00000000 ca:01 257146                     /usr/lib/jvm/java-11-openjdk-amd64/lib/libnio.so
7f95da36a000-7f95da569000 ---p 00010000 ca:01 257146                     /usr/lib/jvm/java-11-openjdk-amd64/lib/libnio.so
7f95da569000-7f95da56a000 r--p 0000f000 ca:01 257146                     /usr/lib/jvm/java-11-openjdk-amd64/lib/libnio.so
7f95da56a000-7f95da56b000 rw-p 00010000 ca:01 257146                     /usr/lib/jvm/java-11-openjdk-amd64/lib/libnio.so
7f95da56b000-7f95da56f000 ---p 00000000 00:00 0 
7f95da56f000-7f95da66c000 rw-p 00000000 00:00 0 
7f95da66c000-7f95da66d000 ---p 00000000 00:00 0 
7f95da66d000-7f95da76e000 rw-p 00000000 00:00 0 
7f95da76e000-7f95da772000 ---p 00000000 00:00 0 
7f95da772000-7f95da86f000 rw-p 00000000 00:00 0 
7f95da86f000-7f95da873000 ---p 00000000 00:00 0 
7f95da873000-7f95da970000 rw-p 00000000 00:00 0 
7f95da970000-7f95da974000 ---p 00000000 00:00 0 
7f95da974000-7f95daa71000 rw-p 00000000 00:00 0 
7f95daa71000-7f95daa75000 ---p 00000000 00:00 0 
7f95daa75000-7f95dab72000 rw-p 00000000 00:00 0 
7f95dab72000-7f95dab76000 ---p 00000000 00:00 0 
7f95dab76000-7f95dac73000 rw-p 00000000 00:00 0 
7f95dac73000-7f95dade6000 r--p 00000000 ca:01 7797                       /usr/lib/locale/C.UTF-8/LC_COLLATE
7f95dade6000-7f95daf81000 r--p 00000000 ca:01 7792                       /usr/lib/locale/locale-archive
7f95daf81000-7f95daf85000 ---p 00000000 00:00 0 
7f95daf85000-7f95db082000 rw-p 00000000 00:00 0 
7f95db082000-7f95db086000 ---p 00000000 00:00 0 
7f95db086000-7f95db183000 rw-p 00000000 00:00 0 
7f95db183000-7f95db184000 ---p 00000000 00:00 0 
7f95db184000-7f95dbb49000 rw-p 00000000 00:00 0 
7f95dbb49000-7f95dbbdb000 ---p 00000000 00:00 0 
7f95dbbdb000-7f95dbc3d000 rw-p 00000000 00:00 0 
7f95dbc3d000-7f95dbc85000 ---p 00000000 00:00 0 
7f95dbc85000-7f95dbd4a000 rw-p 00000000 00:00 0 
7f95dbd4a000-7f95dbddb000 ---p 00000000 00:00 0 
7f95dbddb000-7f95dbdfc000 rw-p 00000000 00:00 0 
7f95dbdfc000-7f95dbec7000 ---p 00000000 00:00 0 
7f95dbec7000-7f95dc137000 rwxp 00000000 00:00 0 
7f95dc137000-7f95dc456000 ---p 00000000 00:00 0 
7f95dc456000-7f95ddde6000 rwxp 00000000 00:00 0 
7f95ddde6000-7f95e398e000 ---p 00000000 00:00 0 
7f95e398e000-7f95e494e000 rwxp 00000000 00:00 0 
7f95e494e000-7f95eaec7000 ---p 00000000 00:00 0 
7f95eaec7000-7f95f35ba000 r--s 00000000 ca:01 257155                     /usr/lib/jvm/java-11-openjdk-amd64/lib/modules
7f95f35ba000-7f95f35bf000 r-xp 00000000 ca:01 257137                     /usr/lib/jvm/java-11-openjdk-amd64/lib/libjimage.so
7f95f35bf000-7f95f37be000 ---p 00005000 ca:01 257137                     /usr/lib/jvm/java-11-openjdk-amd64/lib/libjimage.so
7f95f37be000-7f95f37bf000 r--p 00004000 ca:01 257137                     /usr/lib/jvm/java-11-openjdk-amd64/lib/libjimage.so
7f95f37bf000-7f95f37c0000 rw-p 00005000 ca:01 257137                     /usr/lib/jvm/java-11-openjdk-amd64/lib/libjimage.so
7f95f37c0000-7f95f37c7000 r-xp 00000000 ca:01 257154                     /usr/lib/jvm/java-11-openjdk-amd64/lib/libzip.so
7f95f37c7000-7f95f39c6000 ---p 00007000 ca:01 257154                     /usr/lib/jvm/java-11-openjdk-amd64/lib/libzip.so
7f95f39c6000-7f95f39c7000 r--p 00006000 ca:01 257154                     /usr/lib/jvm/java-11-openjdk-amd64/lib/libzip.so
7f95f39c7000-7f95f39c8000 rw-p 00007000 ca:01 257154                     /usr/lib/jvm/java-11-openjdk-amd64/lib/libzip.so
7f95f39c8000-7f95f39d3000 r-xp 00000000 ca:01 2089                       /lib/x86_64-linux-gnu/libnss_files-2.27.so
7f95f39d3000-7f95f3bd2000 ---p 0000b000 ca:01 2089                       /lib/x86_64-linux-gnu/libnss_files-2.27.so
7f95f3bd2000-7f95f3bd3000 r--p 0000a000 ca:01 2089                       /lib/x86_64-linux-gnu/libnss_files-2.27.so
7f95f3bd3000-7f95f3bd4000 rw-p 0000b000 ca:01 2089                       /lib/x86_64-linux-gnu/libnss_files-2.27.so
7f95f3bd4000-7f95f3bda000 rw-p 00000000 00:00 0 
7f95f3bda000-7f95f3bf1000 r-xp 00000000 ca:01 2086                       /lib/x86_64-linux-gnu/libnsl-2.27.so
7f95f3bf1000-7f95f3df0000 ---p 00017000 ca:01 2086                       /lib/x86_64-linux-gnu/libnsl-2.27.so
7f95f3df0000-7f95f3df1000 r--p 00016000 ca:01 2086                       /lib/x86_64-linux-gnu/libnsl-2.27.so
7f95f3df1000-7f95f3df2000 rw-p 00017000 ca:01 2086                       /lib/x86_64-linux-gnu/libnsl-2.27.so
7f95f3df2000-7f95f3df4000 rw-p 00000000 00:00 0 
7f95f3df4000-7f95f3dff000 r-xp 00000000 ca:01 2091                       /lib/x86_64-linux-gnu/libnss_nis-2.27.so
7f95f3dff000-7f95f3ffe000 ---p 0000b000 ca:01 2091                       /lib/x86_64-linux-gnu/libnss_nis-2.27.so
7f95f3ffe000-7f95f3fff000 r--p 0000a000 ca:01 2091                       /lib/x86_64-linux-gnu/libnss_nis-2.27.so
7f95f3fff000-7f95f4000000 rw-p 0000b000 ca:01 2091                       /lib/x86_64-linux-gnu/libnss_nis-2.27.so
7f95f4000000-7f95f4b04000 rw-p 00000000 00:00 0 
7f95f4b04000-7f95f8000000 ---p 00000000 00:00 0 
7f95f80af000-7f95f80e0000 r--p 00000000 ca:01 7798                       /usr/lib/locale/C.UTF-8/LC_CTYPE
7f95f80e0000-7f95f80e1000 r--p 00000000 ca:01 7803                       /usr/lib/locale/C.UTF-8/LC_NUMERIC
7f95f80e1000-7f95f80e2000 r--p 00000000 ca:01 7806                       /usr/lib/locale/C.UTF-8/LC_TIME
7f95f80e2000-7f95f80e3000 r--p 00000000 ca:01 7801                       /usr/lib/locale/C.UTF-8/LC_MONETARY
7f95f80e3000-7f95f80ea000 r--s 00000000 ca:01 5017                       /usr/lib/x86_64-linux-gnu/gconv/gconv-modules.cache
7f95f80ea000-7f95f811e000 rw-p 00000000 00:00 0 
7f95f811e000-7f95f81d5000 ---p 00000000 00:00 0 
7f95f81d5000-7f95f81dd000 r-xp 00000000 ca:01 2087                       /lib/x86_64-linux-gnu/libnss_compat-2.27.so
7f95f81dd000-7f95f83dd000 ---p 00008000 ca:01 2087                       /lib/x86_64-linux-gnu/libnss_compat-2.27.so
7f95f83dd000-7f95f83de000 r--p 00008000 ca:01 2087                       /lib/x86_64-linux-gnu/libnss_compat-2.27.so
7f95f83de000-7f95f83df000 rw-p 00009000 ca:01 2087                       /lib/x86_64-linux-gnu/libnss_compat-2.27.so
7f95f83df000-7f95f8408000 r-xp 00000000 ca:01 257133                     /usr/lib/jvm/java-11-openjdk-amd64/lib/libjava.so
7f95f8408000-7f95f8607000 ---p 00029000 ca:01 257133                     /usr/lib/jvm/java-11-openjdk-amd64/lib/libjava.so
7f95f8607000-7f95f8608000 r--p 00028000 ca:01 257133                     /usr/lib/jvm/java-11-openjdk-amd64/lib/libjava.so
7f95f8608000-7f95f860a000 rw-p 00029000 ca:01 257133                     /usr/lib/jvm/java-11-openjdk-amd64/lib/libjava.so
7f95f860a000-7f95f8617000 r-xp 00000000 ca:01 257153                     /usr/lib/jvm/java-11-openjdk-amd64/lib/libverify.so
7f95f8617000-7f95f8816000 ---p 0000d000 ca:01 257153                     /usr/lib/jvm/java-11-openjdk-amd64/lib/libverify.so
7f95f8816000-7f95f8818000 r--p 0000c000 ca:01 257153                     /usr/lib/jvm/java-11-openjdk-amd64/lib/libverify.so
7f95f8818000-7f95f8819000 rw-p 0000e000 ca:01 257153                     /usr/lib/jvm/java-11-openjdk-amd64/lib/libverify.so
7f95f8819000-7f95f8820000 r-xp 00000000 ca:01 2182                       /lib/x86_64-linux-gnu/librt-2.27.so
7f95f8820000-7f95f8a1f000 ---p 00007000 ca:01 2182                       /lib/x86_64-linux-gnu/librt-2.27.so
7f95f8a1f000-7f95f8a20000 r--p 00006000 ca:01 2182                       /lib/x86_64-linux-gnu/librt-2.27.so
7f95f8a20000-7f95f8a21000 rw-p 00007000 ca:01 2182                       /lib/x86_64-linux-gnu/librt-2.27.so
7f95f8a21000-7f95f8a38000 r-xp 00000000 ca:01 2065                       /lib/x86_64-linux-gnu/libgcc_s.so.1
7f95f8a38000-7f95f8c37000 ---p 00017000 ca:01 2065                       /lib/x86_64-linux-gnu/libgcc_s.so.1
7f95f8c37000-7f95f8c38000 r--p 00016000 ca:01 2065                       /lib/x86_64-linux-gnu/libgcc_s.so.1
7f95f8c38000-7f95f8c39000 rw-p 00017000 ca:01 2065                       /lib/x86_64-linux-gnu/libgcc_s.so.1
7f95f8c39000-7f95f8dd6000 r-xp 00000000 ca:01 2083                       /lib/x86_64-linux-gnu/libm-2.27.so
7f95f8dd6000-7f95f8fd5000 ---p 0019d000 ca:01 2083                       /lib/x86_64-linux-gnu/libm-2.27.so
7f95f8fd5000-7f95f8fd6000 r--p 0019c000 ca:01 2083                       /lib/x86_64-linux-gnu/libm-2.27.so
7f95f8fd6000-7f95f8fd7000 rw-p 0019d000 ca:01 2083                       /lib/x86_64-linux-gnu/libm-2.27.so
7f95f8fd7000-7f95f9155000 r-xp 00000000 ca:01 6260                       /usr/lib/x86_64-linux-gnu/libstdc++.so.6.0.25
7f95f9155000-7f95f9355000 ---p 0017e000 ca:01 6260                       /usr/lib/x86_64-linux-gnu/libstdc++.so.6.0.25
7f95f9355000-7f95f935f000 r--p 0017e000 ca:01 6260                       /usr/lib/x86_64-linux-gnu/libstdc++.so.6.0.25
7f95f935f000-7f95f9361000 rw-p 00188000 ca:01 6260                       /usr/lib/x86_64-linux-gnu/libstdc++.so.6.0.25
7f95f9361000-7f95f9365000 rw-p 00000000 00:00 0 
7f95f9365000-7f95fa442000 r-xp 00000000 ca:01 257160                     /usr/lib/jvm/java-11-openjdk-amd64/lib/server/libjvm.so
7f95fa442000-7f95fa641000 ---p 010dd000 ca:01 257160                     /usr/lib/jvm/java-11-openjdk-amd64/lib/server/libjvm.so
7f95fa641000-7f95fa6fe000 r--p 010dc000 ca:01 257160                     /usr/lib/jvm/java-11-openjdk-amd64/lib/server/libjvm.so
7f95fa6fe000-7f95fa738000 rw-p 01199000 ca:01 257160                     /usr/lib/jvm/java-11-openjdk-amd64/lib/server/libjvm.so
7f95fa738000-7f95fa78e000 rw-p 00000000 00:00 0 
7f95fa78e000-7f95fa7a8000 r-xp 00000000 ca:01 2180                       /lib/x86_64-linux-gnu/libpthread-2.27.so
7f95fa7a8000-7f95fa9a7000 ---p 0001a000 ca:01 2180                       /lib/x86_64-linux-gnu/libpthread-2.27.so
7f95fa9a7000-7f95fa9a8000 r--p 00019000 ca:01 2180                       /lib/x86_64-linux-gnu/libpthread-2.27.so
7f95fa9a8000-7f95fa9a9000 rw-p 0001a000 ca:01 2180                       /lib/x86_64-linux-gnu/libpthread-2.27.so
7f95fa9a9000-7f95fa9ad000 rw-p 00000000 00:00 0 
7f95fa9ad000-7f95fa9b0000 r-xp 00000000 ca:01 2082                       /lib/x86_64-linux-gnu/libdl-2.27.so
7f95fa9b0000-7f95fabaf000 ---p 00003000 ca:01 2082                       /lib/x86_64-linux-gnu/libdl-2.27.so
7f95fabaf000-7f95fabb0000 r--p 00002000 ca:01 2082                       /lib/x86_64-linux-gnu/libdl-2.27.so
7f95fabb0000-7f95fabb1000 rw-p 00003000 ca:01 2082                       /lib/x86_64-linux-gnu/libdl-2.27.so
7f95fabb1000-7f95fabcd000 r-xp 00000000 ca:01 2185                       /lib/x86_64-linux-gnu/libz.so.1.2.11
7f95fabcd000-7f95fadcc000 ---p 0001c000 ca:01 2185                       /lib/x86_64-linux-gnu/libz.so.1.2.11
7f95fadcc000-7f95fadcd000 r--p 0001b000 ca:01 2185                       /lib/x86_64-linux-gnu/libz.so.1.2.11
7f95fadcd000-7f95fadce000 rw-p 0001c000 ca:01 2185                       /lib/x86_64-linux-gnu/libz.so.1.2.11
7f95fadce000-7f95fafb5000 r-xp 00000000 ca:01 2079                       /lib/x86_64-linux-gnu/libc-2.27.so
7f95fafb5000-7f95fb1b5000 ---p 001e7000 ca:01 2079                       /lib/x86_64-linux-gnu/libc-2.27.so
7f95fb1b5000-7f95fb1b9000 r--p 001e7000 ca:01 2079                       /lib/x86_64-linux-gnu/libc-2.27.so
7f95fb1b9000-7f95fb1bb000 rw-p 001eb000 ca:01 2079                       /lib/x86_64-linux-gnu/libc-2.27.so
7f95fb1bb000-7f95fb1bf000 rw-p 00000000 00:00 0 
7f95fb1bf000-7f95fb1cf000 r-xp 00000000 ca:01 257117                     /usr/lib/jvm/java-11-openjdk-amd64/lib/jli/libjli.so
7f95fb1cf000-7f95fb3ce000 ---p 00010000 ca:01 257117                     /usr/lib/jvm/java-11-openjdk-amd64/lib/jli/libjli.so
7f95fb3ce000-7f95fb3cf000 r--p 0000f000 ca:01 257117                     /usr/lib/jvm/java-11-openjdk-amd64/lib/jli/libjli.so
7f95fb3cf000-7f95fb3d0000 rw-p 00010000 ca:01 257117                     /usr/lib/jvm/java-11-openjdk-amd64/lib/jli/libjli.so
7f95fb3d0000-7f95fb3f7000 r-xp 00000000 ca:01 2075                       /lib/x86_64-linux-gnu/ld-2.27.so
7f95fb3f7000-7f95fb3f8000 r--p 00000000 ca:01 7795                       /usr/lib/locale/C.UTF-8/LC_MESSAGES/SYS_LC_MESSAGES
7f95fb3f8000-7f95fb3f9000 r--p 00000000 ca:01 7804                       /usr/lib/locale/C.UTF-8/LC_PAPER
7f95fb3f9000-7f95fb3fa000 r--p 00000000 ca:01 7802                       /usr/lib/locale/C.UTF-8/LC_NAME
7f95fb3fa000-7f95fb3fb000 r--p 00000000 ca:01 7796                       /usr/lib/locale/C.UTF-8/LC_ADDRESS
7f95fb3fb000-7f95fb4dc000 rw-p 00000000 00:00 0 
7f95fb4dc000-7f95fb4e3000 ---p 00000000 00:00 0 
7f95fb4e3000-7f95fb4eb000 rw-s 00000000 ca:01 256423                     /tmp/hsperfdata_root/1189
7f95fb4eb000-7f95fb4ef000 ---p 00000000 00:00 0 
7f95fb4ef000-7f95fb5ee000 rw-p 00000000 00:00 0 
7f95fb5ee000-7f95fb5ef000 r--p 00000000 ca:01 7805                       /usr/lib/locale/C.UTF-8/LC_TELEPHONE
7f95fb5ef000-7f95fb5f0000 r--p 00000000 ca:01 7800                       /usr/lib/locale/C.UTF-8/LC_MEASUREMENT
7f95fb5f0000-7f95fb5f1000 r--p 00000000 ca:01 7799                       /usr/lib/locale/C.UTF-8/LC_IDENTIFICATION
7f95fb5f1000-7f95fb5f3000 r--s 00007000 ca:01 55672                      /usr/share/java/java-atk-wrapper.jar
7f95fb5f3000-7f95fb5f4000 ---p 00000000 00:00 0 
7f95fb5f4000-7f95fb5f5000 r--p 00000000 00:00 0 
7f95fb5f5000-7f95fb5f7000 rw-p 00000000 00:00 0 
7f95fb5f7000-7f95fb5f8000 r--p 00027000 ca:01 2075                       /lib/x86_64-linux-gnu/ld-2.27.so
7f95fb5f8000-7f95fb5f9000 rw-p 00028000 ca:01 2075                       /lib/x86_64-linux-gnu/ld-2.27.so
7f95fb5f9000-7f95fb5fa000 rw-p 00000000 00:00 0 
7ffc51ddc000-7ffc51dfd000 rw-p 00000000 00:00 0                          [stack]
7ffc51e4d000-7ffc51e50000 r--p 00000000 00:00 0                          [vvar]
7ffc51e50000-7ffc51e52000 r-xp 00000000 00:00 0                          [vdso]
ffffffffff600000-ffffffffff601000 r-xp 00000000 00:00 0                  [vsyscall]


VM Arguments:
jvm_args: -Xms512M -Xmx1024M 
java_command: server.jar nogui
java_class_path (initial): server.jar
Launcher Type: SUN_STANDARD

[Global flags]
     intx CICompilerCount                          = 2                                         {product} {ergonomic}
   size_t InitialHeapSize                          = 536870912                                 {product} {command line}
   size_t MaxHeapSize                              = 1073741824                                {product} {command line}
   size_t MaxNewSize                               = 357892096                                 {product} {ergonomic}
   size_t MinHeapDeltaBytes                        = 196608                                    {product} {ergonomic}
   size_t NewSize                                  = 178913280                                 {product} {ergonomic}
    uintx NonNMethodCodeHeapSize                   = 5825164                                {pd product} {ergonomic}
    uintx NonProfiledCodeHeapSize                  = 122916538                              {pd product} {ergonomic}
   size_t OldSize                                  = 357957632                                 {product} {ergonomic}
    uintx ProfiledCodeHeapSize                     = 122916538                              {pd product} {ergonomic}
    uintx ReservedCodeCacheSize                    = 251658240                              {pd product} {ergonomic}
     bool SegmentedCodeCache                       = true                                      {product} {ergonomic}
     bool UseCompressedClassPointers               = true                                 {lp64_product} {ergonomic}
     bool UseCompressedOops                        = true                                 {lp64_product} {ergonomic}
     bool UseSerialGC                              = true                                      {product} {ergonomic}

Logging:
Log output configuration:
 #0: stdout all=warning uptime,level,tags
 #1: stderr all=off uptime,level,tags

Environment Variables:
PATH=/usr/local/sbin:/usr/local/bin:/usr/sbin:/usr/bin:/sbin:/bin:/snap/bin
USERNAME=root
SHELL=/bin/bash

Signal Handlers:
SIGSEGV: [libjvm.so+0xdf8d00], sa_mask[0]=11111111011111111101111111111110, sa_flags=SA_RESTART|SA_SIGINFO
SIGBUS: [libjvm.so+0xdf8d00], sa_mask[0]=11111111011111111101111111111110, sa_flags=SA_RESTART|SA_SIGINFO
SIGFPE: [libjvm.so+0xdf8d00], sa_mask[0]=11111111011111111101111111111110, sa_flags=SA_RESTART|SA_SIGINFO
SIGPIPE: [libjvm.so+0xbcbc30], sa_mask[0]=11111111011111111101111111111110, sa_flags=SA_RESTART|SA_SIGINFO
SIGXFSZ: [libjvm.so+0xbcbc30], sa_mask[0]=11111111011111111101111111111110, sa_flags=SA_RESTART|SA_SIGINFO
SIGILL: [libjvm.so+0xdf8d00], sa_mask[0]=11111111011111111101111111111110, sa_flags=SA_RESTART|SA_SIGINFO
SIGUSR2: [libjvm.so+0xbcbad0], sa_mask[0]=00000000000000000000000000000000, sa_flags=SA_RESTART|SA_SIGINFO
SIGHUP: [libjvm.so+0xbcbe30], sa_mask[0]=11111111011111111101111111111110, sa_flags=SA_RESTART|SA_SIGINFO
SIGINT: [libjvm.so+0xbcbe30], sa_mask[0]=11111111011111111101111111111110, sa_flags=SA_RESTART|SA_SIGINFO
SIGTERM: [libjvm.so+0xbcbe30], sa_mask[0]=11111111011111111101111111111110, sa_flags=SA_RESTART|SA_SIGINFO
SIGQUIT: [libjvm.so+0xbcbe30], sa_mask[0]=11111111011111111101111111111110, sa_flags=SA_RESTART|SA_SIGINFO


---------------  S Y S T E M  ---------------

OS:DISTRIB_ID=Ubuntu
DISTRIB_RELEASE=18.04
DISTRIB_CODENAME=bionic
DISTRIB_DESCRIPTION="Ubuntu 18.04.1 LTS"
uname:Linux 4.15.0-1021-aws #21-Ubuntu SMP Tue Aug 28 10:23:07 UTC 2018 x86_64
OS uptime: 0 days 1:13 hours
libc:glibc 2.27 NPTL 2.27 
rlimit: STACK 8192k, CORE 0k, NPROC 3841, NOFILE 1048576, AS infinity, CPU infinity, DATA infinity, FSIZE infinity
load average:0.69 0.62 0.56

/proc/meminfo:
MemTotal:        1007540 kB
MemFree:           65780 kB
MemAvailable:      13340 kB
Buffers:             620 kB
Cached:            24344 kB
SwapCached:            0 kB
Active:           859508 kB
Inactive:           9168 kB
Active(anon):     848056 kB
Inactive(anon):      520 kB
Active(file):      11452 kB
Inactive(file):     8648 kB
Unevictable:        5408 kB
Mlocked:            5408 kB
SwapTotal:             0 kB
SwapFree:              0 kB
Dirty:               360 kB
Writeback:             0 kB
AnonPages:        849196 kB
Mapped:            19872 kB
Shmem:               752 kB
Slab:              42352 kB
SReclaimable:      17708 kB
SUnreclaim:        24644 kB
KernelStack:        2352 kB
PageTables:         5808 kB
NFS_Unstable:          0 kB
Bounce:                0 kB
WritebackTmp:          0 kB
CommitLimit:      503768 kB
Committed_AS:    1103132 kB
VmallocTotal:   34359738367 kB
VmallocUsed:           0 kB
VmallocChunk:          0 kB
HardwareCorrupted:     0 kB
AnonHugePages:         0 kB
ShmemHugePages:        0 kB
ShmemPmdMapped:        0 kB
CmaTotal:              0 kB
CmaFree:               0 kB
HugePages_Total:       0
HugePages_Free:        0
HugePages_Rsvd:        0
HugePages_Surp:        0
Hugepagesize:       2048 kB
DirectMap4k:       59392 kB
DirectMap2M:      989184 kB


/proc/sys/kernel/threads-max (system-wide limit on the number of threads):
7683


/proc/sys/vm/max_map_count (maximum number of memory map areas a process may have):
65530


/proc/sys/kernel/pid_max (system-wide limit on number of process identifiers):
32768



container (cgroup) information:
container_type: cgroupv1
cpu_cpuset_cpus: 0
cpu_memory_nodes: 0
active_processor_count: 1
cpu_quota: -1
cpu_period: 100000
cpu_shares: -1
memory_limit_in_bytes: -1
memory_and_swap_limit_in_bytes: -2
memory_soft_limit_in_bytes: -1
memory_usage_in_bytes: 849666048
memory_max_usage_in_bytes: 850391040

Xen hardware-assisted virtualization detected
Steal ticks since vm start: 1928
Steal ticks percentage since vm start:  0.005

CPU:total 1 (initial active 1) (1 cores per cpu, 1 threads per core) family 6 model 63 stepping 2, cmov, cx8, fxsr, mmx, sse, sse2, sse3, ssse3, sse4.1, sse4.2, popcnt, avx, avx2, aes, clmul, erms, lzcnt, tsc, bmi1, bmi2, fma
CPU Model and flags from /proc/cpuinfo:
model name	: Intel(R) Xeon(R) CPU E5-2676 v3 @ 2.40GHz
flags		: fpu vme de pse tsc msr pae mce cx8 apic sep mtrr pge mca cmov pat pse36 clflush mmx fxsr sse sse2 ht syscall nx rdtscp lm constant_tsc rep_good nopl xtopology cpuid pni pclmulqdq ssse3 fma cx16 pcid sse4_1 sse4_2 x2apic movbe popcnt tsc_deadline_timer aes xsave avx f16c rdrand hypervisor lahf_lm abm cpuid_fault invpcid_single pti fsgsbase bmi1 avx2 smep bmi2 erms invpcid xsaveopt

Memory: 4k page, physical 1007540k(65780k free), swap 0k(0k free)

vm_info: OpenJDK 64-Bit Server VM (11.0.7+10-post-Ubuntu-2ubuntu218.04) for linux-amd64 JRE (11.0.7+10-post-Ubuntu-2ubuntu218.04), built on Apr 15 2020 21:12:54 by "unknown" with gcc 7.5.0

END.
