#
# There is insufficient memory for the Java Runtime Environment to continue.
# Native memory allocation (mmap) failed to map 1073741824 bytes for committing reserved memory.
# Possible reasons:
#   The system is out of physical RAM or swap space
#   The process is running with CompressedOops enabled, and the Java Heap may be blocking the growth of the native heap
# Possible solutions:
#   Reduce memory load on the system
#   Increase physical memory or swap space
#   Check if swap backing store is full
#   Decrease Java heap size (-Xmx/-Xms)
#   Decrease number of Java threads
#   Decrease Java thread stack sizes (-Xss)
#   Set larger code cache with -XX:ReservedCodeCacheSize=
# This output file may be truncated or incomplete.
#
#  Out of Memory Error (os_linux.cpp:2866), pid=1117, tid=1118
#
# JRE version:  (11.0.7+10) (build )
# Java VM: OpenJDK 64-Bit Server VM (11.0.7+10-post-Ubuntu-2ubuntu218.04, mixed mode, sharing, tiered, compressed oops, g1 gc, linux-amd64)
# Core dump will be written. Default location: Core dumps may be processed with "/usr/share/apport/apport %p %s %c %d %P" (or dumping to /usr/games/minecraft/minecraft-server/core.1117)
#

---------------  S U M M A R Y ------------

Command Line: -Xms1024M -Xmx1024M -XX:+UseG1GC server.jar nogui

Host: Intel(R) Xeon(R) CPU E5-2676 v3 @ 2.40GHz, 1 cores, 983M, Ubuntu 18.04.1 LTS
Time: Sat May 23 18:47:43 2020 UTC elapsed time: 0 seconds (0d 0h 0m 0s)

---------------  T H R E A D  ---------------

Current thread (0x00007efbf8016000):  JavaThread "Unknown thread" [_thread_in_vm, id=1118, stack(0x00007efc007f1000,0x00007efc008f2000)]

Stack: [0x00007efc007f1000,0x00007efc008f2000],  sp=0x00007efc008f0220,  free space=1020k
Native frames: (J=compiled Java code, A=aot compiled Java code, j=interpreted, Vv=VM code, C=native code)
V  [libjvm.so+0xdf8009]
V  [libjvm.so+0xdf8c9b]
V  [libjvm.so+0x6514e5]
V  [libjvm.so+0xbcfd48]
V  [libjvm.so+0xbc739d]
V  [libjvm.so+0x77034f]
V  [libjvm.so+0x7705be]
V  [libjvm.so+0x77c630]
V  [libjvm.so+0x7f8339]
V  [libjvm.so+0x7f8f92]
V  [libjvm.so+0x7f93f9]
V  [libjvm.so+0x72ea4f]
V  [libjvm.so+0x72f13d]
V  [libjvm.so+0xdb2512]
V  [libjvm.so+0xdb27a6]
V  [libjvm.so+0x81c067]
V  [libjvm.so+0xd8971f]
V  [libjvm.so+0x8d5871]  JNI_CreateJavaVM+0x51
C  [libjli.so+0x4a66]
C  [libjli.so+0x92cd]


---------------  P R O C E S S  ---------------

Threads class SMR info:
_java_thread_list=0x00005633bf92a090, length=0, elements={
}

Java Threads: ( => current thread )

Other Threads:
  0x00007efbf802e800 GCTaskThread "GC Thread#0" [stack: 0x00007efbfc7bf000,0x00007efbfc8bf000] [id=1119]
  0x00007efbf804a000 ConcurrentGCThread "G1 Main Marker" [stack: 0x00007efbe080d000,0x00007efbe090d000] [id=1120]
  0x00007efbf804c000 ConcurrentGCThread "G1 Conc#0" [stack: 0x00007efbe070b000,0x00007efbe080b000] [id=1121]

[error occurred during error reporting (printing all threads), id 0xb, SIGSEGV (0xb) at pc=0x00007efbfedb2d90]

VM state:not at safepoint (not fully initialized)

VM Mutex/Monitor currently owned by a thread:  ([mutex/lock_event])
[0x00007efbf80126d0] Heap_lock - owner thread: 0x00007efbf8016000

Heap address: 0x00000000c0000000, size: 1024 MB, Compressed Oops mode: Non-zero based: 0x00000000c0000000
Narrow klass base: 0x0000000000000000, Narrow klass shift: 0

GC Heap History (0 events):
No events

Deoptimization events (0 events):
No events

Classes redefined (0 events):
No events

Internal exceptions (0 events):
No events

Events (3 events):
Event: 0.001 Protecting memory [0x00007efc007f1000,0x00007efc007f5000] with protection modes 0
Event: 0.001 Loaded shared library /usr/lib/jvm/java-11-openjdk-amd64/lib/libzip.so
Event: 0.001 Loaded shared library /usr/lib/jvm/java-11-openjdk-amd64/lib/libjimage.so


Dynamic libraries:
5633bd9c8000-5633bd9c9000 r-xp 00000000 ca:01 256992                     /usr/lib/jvm/java-11-openjdk-amd64/bin/java
5633bdbc9000-5633bdbca000 r--p 00001000 ca:01 256992                     /usr/lib/jvm/java-11-openjdk-amd64/bin/java
5633bdbca000-5633bdbcb000 rw-p 00002000 ca:01 256992                     /usr/lib/jvm/java-11-openjdk-amd64/bin/java
5633bf912000-5633bf933000 rw-p 00000000 00:00 0                          [heap]
7efbcc000000-7efbcc021000 rw-p 00000000 00:00 0 
7efbcc021000-7efbd0000000 ---p 00000000 00:00 0 
7efbd4000000-7efbd4021000 rw-p 00000000 00:00 0 
7efbd4021000-7efbd8000000 ---p 00000000 00:00 0 
7efbd8000000-7efbda000000 rw-p 00000000 00:00 0 
7efbda000000-7efbdc000000 ---p 00000000 00:00 0 
7efbdc000000-7efbdc021000 rw-p 00000000 00:00 0 
7efbdc021000-7efbe0000000 ---p 00000000 00:00 0 
7efbe0608000-7efbe0709000 rw-p 00000000 00:00 0 
7efbe0709000-7efbe070a000 ---p 00000000 00:00 0 
7efbe070a000-7efbe080b000 rw-p 00000000 00:00 0 
7efbe080b000-7efbe080c000 ---p 00000000 00:00 0 
7efbe080c000-7efbe090d000 rw-p 00000000 00:00 0 
7efbe090d000-7efbe0b7d000 rwxp 00000000 00:00 0 
7efbe0b7d000-7efbe0e9c000 ---p 00000000 00:00 0 
7efbe0e9c000-7efbe110c000 rwxp 00000000 00:00 0 
7efbe110c000-7efbe83d4000 ---p 00000000 00:00 0 
7efbe83d4000-7efbe8644000 rwxp 00000000 00:00 0 
7efbe8644000-7efbef90d000 ---p 00000000 00:00 0 
7efbef90d000-7efbf8000000 r--s 00000000 ca:01 257155                     /usr/lib/jvm/java-11-openjdk-amd64/lib/modules
7efbf8000000-7efbf805a000 rw-p 00000000 00:00 0 
7efbf805a000-7efbfc000000 ---p 00000000 00:00 0 
7efbfc0bc000-7efbfc6bc000 ---p 00000000 00:00 0 
7efbfc6bc000-7efbfc7bd000 rw-p 00000000 00:00 0 
7efbfc7bd000-7efbfc7be000 ---p 00000000 00:00 0 
7efbfc7be000-7efbfc8c4000 rw-p 00000000 00:00 0 
7efbfc8c4000-7efbfc9aa000 ---p 00000000 00:00 0 
7efbfc9aa000-7efbfc9af000 rw-p 00000000 00:00 0 
7efbfc9af000-7efbfca95000 ---p 00000000 00:00 0 
7efbfca95000-7efbfca9a000 r-xp 00000000 ca:01 257137                     /usr/lib/jvm/java-11-openjdk-amd64/lib/libjimage.so
7efbfca9a000-7efbfcc99000 ---p 00005000 ca:01 257137                     /usr/lib/jvm/java-11-openjdk-amd64/lib/libjimage.so
7efbfcc99000-7efbfcc9a000 r--p 00004000 ca:01 257137                     /usr/lib/jvm/java-11-openjdk-amd64/lib/libjimage.so
7efbfcc9a000-7efbfcc9b000 rw-p 00005000 ca:01 257137                     /usr/lib/jvm/java-11-openjdk-amd64/lib/libjimage.so
7efbfcc9b000-7efbfcca2000 r-xp 00000000 ca:01 257154                     /usr/lib/jvm/java-11-openjdk-amd64/lib/libzip.so
7efbfcca2000-7efbfcea1000 ---p 00007000 ca:01 257154                     /usr/lib/jvm/java-11-openjdk-amd64/lib/libzip.so
7efbfcea1000-7efbfcea2000 r--p 00006000 ca:01 257154                     /usr/lib/jvm/java-11-openjdk-amd64/lib/libzip.so
7efbfcea2000-7efbfcea3000 rw-p 00007000 ca:01 257154                     /usr/lib/jvm/java-11-openjdk-amd64/lib/libzip.so
7efbfcea3000-7efbfceae000 r-xp 00000000 ca:01 2089                       /lib/x86_64-linux-gnu/libnss_files-2.27.so
7efbfceae000-7efbfd0ad000 ---p 0000b000 ca:01 2089                       /lib/x86_64-linux-gnu/libnss_files-2.27.so
7efbfd0ad000-7efbfd0ae000 r--p 0000a000 ca:01 2089                       /lib/x86_64-linux-gnu/libnss_files-2.27.so
7efbfd0ae000-7efbfd0af000 rw-p 0000b000 ca:01 2089                       /lib/x86_64-linux-gnu/libnss_files-2.27.so
7efbfd0af000-7efbfd0b5000 rw-p 00000000 00:00 0 
7efbfd0b5000-7efbfd0cc000 r-xp 00000000 ca:01 2086                       /lib/x86_64-linux-gnu/libnsl-2.27.so
7efbfd0cc000-7efbfd2cb000 ---p 00017000 ca:01 2086                       /lib/x86_64-linux-gnu/libnsl-2.27.so
7efbfd2cb000-7efbfd2cc000 r--p 00016000 ca:01 2086                       /lib/x86_64-linux-gnu/libnsl-2.27.so
7efbfd2cc000-7efbfd2cd000 rw-p 00017000 ca:01 2086                       /lib/x86_64-linux-gnu/libnsl-2.27.so
7efbfd2cd000-7efbfd2cf000 rw-p 00000000 00:00 0 
7efbfd2cf000-7efbfd2da000 r-xp 00000000 ca:01 2091                       /lib/x86_64-linux-gnu/libnss_nis-2.27.so
7efbfd2da000-7efbfd4d9000 ---p 0000b000 ca:01 2091                       /lib/x86_64-linux-gnu/libnss_nis-2.27.so
7efbfd4d9000-7efbfd4da000 r--p 0000a000 ca:01 2091                       /lib/x86_64-linux-gnu/libnss_nis-2.27.so
7efbfd4da000-7efbfd4db000 rw-p 0000b000 ca:01 2091                       /lib/x86_64-linux-gnu/libnss_nis-2.27.so
7efbfd4db000-7efbfd4e3000 r-xp 00000000 ca:01 2087                       /lib/x86_64-linux-gnu/libnss_compat-2.27.so
7efbfd4e3000-7efbfd6e3000 ---p 00008000 ca:01 2087                       /lib/x86_64-linux-gnu/libnss_compat-2.27.so
7efbfd6e3000-7efbfd6e4000 r--p 00008000 ca:01 2087                       /lib/x86_64-linux-gnu/libnss_compat-2.27.so
7efbfd6e4000-7efbfd6e5000 rw-p 00009000 ca:01 2087                       /lib/x86_64-linux-gnu/libnss_compat-2.27.so
7efbfd6e5000-7efbfd70e000 r-xp 00000000 ca:01 257133                     /usr/lib/jvm/java-11-openjdk-amd64/lib/libjava.so
7efbfd70e000-7efbfd90d000 ---p 00029000 ca:01 257133                     /usr/lib/jvm/java-11-openjdk-amd64/lib/libjava.so
7efbfd90d000-7efbfd90e000 r--p 00028000 ca:01 257133                     /usr/lib/jvm/java-11-openjdk-amd64/lib/libjava.so
7efbfd90e000-7efbfd910000 rw-p 00029000 ca:01 257133                     /usr/lib/jvm/java-11-openjdk-amd64/lib/libjava.so
7efbfd910000-7efbfd91d000 r-xp 00000000 ca:01 257153                     /usr/lib/jvm/java-11-openjdk-amd64/lib/libverify.so
7efbfd91d000-7efbfdb1c000 ---p 0000d000 ca:01 257153                     /usr/lib/jvm/java-11-openjdk-amd64/lib/libverify.so
7efbfdb1c000-7efbfdb1e000 r--p 0000c000 ca:01 257153                     /usr/lib/jvm/java-11-openjdk-amd64/lib/libverify.so
7efbfdb1e000-7efbfdb1f000 rw-p 0000e000 ca:01 257153                     /usr/lib/jvm/java-11-openjdk-amd64/lib/libverify.so
7efbfdb1f000-7efbfdb26000 r-xp 00000000 ca:01 2182                       /lib/x86_64-linux-gnu/librt-2.27.so
7efbfdb26000-7efbfdd25000 ---p 00007000 ca:01 2182                       /lib/x86_64-linux-gnu/librt-2.27.so
7efbfdd25000-7efbfdd26000 r--p 00006000 ca:01 2182                       /lib/x86_64-linux-gnu/librt-2.27.so
7efbfdd26000-7efbfdd27000 rw-p 00007000 ca:01 2182                       /lib/x86_64-linux-gnu/librt-2.27.so
7efbfdd27000-7efbfdd3e000 r-xp 00000000 ca:01 2065                       /lib/x86_64-linux-gnu/libgcc_s.so.1
7efbfdd3e000-7efbfdf3d000 ---p 00017000 ca:01 2065                       /lib/x86_64-linux-gnu/libgcc_s.so.1
7efbfdf3d000-7efbfdf3e000 r--p 00016000 ca:01 2065                       /lib/x86_64-linux-gnu/libgcc_s.so.1
7efbfdf3e000-7efbfdf3f000 rw-p 00017000 ca:01 2065                       /lib/x86_64-linux-gnu/libgcc_s.so.1
7efbfdf3f000-7efbfe0dc000 r-xp 00000000 ca:01 2083                       /lib/x86_64-linux-gnu/libm-2.27.so
7efbfe0dc000-7efbfe2db000 ---p 0019d000 ca:01 2083                       /lib/x86_64-linux-gnu/libm-2.27.so
7efbfe2db000-7efbfe2dc000 r--p 0019c000 ca:01 2083                       /lib/x86_64-linux-gnu/libm-2.27.so
7efbfe2dc000-7efbfe2dd000 rw-p 0019d000 ca:01 2083                       /lib/x86_64-linux-gnu/libm-2.27.so
7efbfe2dd000-7efbfe45b000 r-xp 00000000 ca:01 6260                       /usr/lib/x86_64-linux-gnu/libstdc++.so.6.0.25
7efbfe45b000-7efbfe65b000 ---p 0017e000 ca:01 6260                       /usr/lib/x86_64-linux-gnu/libstdc++.so.6.0.25
7efbfe65b000-7efbfe665000 r--p 0017e000 ca:01 6260                       /usr/lib/x86_64-linux-gnu/libstdc++.so.6.0.25
7efbfe665000-7efbfe667000 rw-p 00188000 ca:01 6260                       /usr/lib/x86_64-linux-gnu/libstdc++.so.6.0.25
7efbfe667000-7efbfe66b000 rw-p 00000000 00:00 0 
7efbfe66b000-7efbff748000 r-xp 00000000 ca:01 257160                     /usr/lib/jvm/java-11-openjdk-amd64/lib/server/libjvm.so
7efbff748000-7efbff947000 ---p 010dd000 ca:01 257160                     /usr/lib/jvm/java-11-openjdk-amd64/lib/server/libjvm.so
7efbff947000-7efbffa04000 r--p 010dc000 ca:01 257160                     /usr/lib/jvm/java-11-openjdk-amd64/lib/server/libjvm.so
7efbffa04000-7efbffa3e000 rw-p 01199000 ca:01 257160                     /usr/lib/jvm/java-11-openjdk-amd64/lib/server/libjvm.so
7efbffa3e000-7efbffa94000 rw-p 00000000 00:00 0 
7efbffa94000-7efbffaae000 r-xp 00000000 ca:01 2180                       /lib/x86_64-linux-gnu/libpthread-2.27.so
7efbffaae000-7efbffcad000 ---p 0001a000 ca:01 2180                       /lib/x86_64-linux-gnu/libpthread-2.27.so
7efbffcad000-7efbffcae000 r--p 00019000 ca:01 2180                       /lib/x86_64-linux-gnu/libpthread-2.27.so
7efbffcae000-7efbffcaf000 rw-p 0001a000 ca:01 2180                       /lib/x86_64-linux-gnu/libpthread-2.27.so
7efbffcaf000-7efbffcb3000 rw-p 00000000 00:00 0 
7efbffcb3000-7efbffcb6000 r-xp 00000000 ca:01 2082                       /lib/x86_64-linux-gnu/libdl-2.27.so
7efbffcb6000-7efbffeb5000 ---p 00003000 ca:01 2082                       /lib/x86_64-linux-gnu/libdl-2.27.so
7efbffeb5000-7efbffeb6000 r--p 00002000 ca:01 2082                       /lib/x86_64-linux-gnu/libdl-2.27.so
7efbffeb6000-7efbffeb7000 rw-p 00003000 ca:01 2082                       /lib/x86_64-linux-gnu/libdl-2.27.so
7efbffeb7000-7efbffed3000 r-xp 00000000 ca:01 2185                       /lib/x86_64-linux-gnu/libz.so.1.2.11
7efbffed3000-7efc000d2000 ---p 0001c000 ca:01 2185                       /lib/x86_64-linux-gnu/libz.so.1.2.11
7efc000d2000-7efc000d3000 r--p 0001b000 ca:01 2185                       /lib/x86_64-linux-gnu/libz.so.1.2.11
7efc000d3000-7efc000d4000 rw-p 0001c000 ca:01 2185                       /lib/x86_64-linux-gnu/libz.so.1.2.11
7efc000d4000-7efc002bb000 r-xp 00000000 ca:01 2079                       /lib/x86_64-linux-gnu/libc-2.27.so
7efc002bb000-7efc004bb000 ---p 001e7000 ca:01 2079                       /lib/x86_64-linux-gnu/libc-2.27.so
7efc004bb000-7efc004bf000 r--p 001e7000 ca:01 2079                       /lib/x86_64-linux-gnu/libc-2.27.so
7efc004bf000-7efc004c1000 rw-p 001eb000 ca:01 2079                       /lib/x86_64-linux-gnu/libc-2.27.so
7efc004c1000-7efc004c5000 rw-p 00000000 00:00 0 
7efc004c5000-7efc004d5000 r-xp 00000000 ca:01 257117                     /usr/lib/jvm/java-11-openjdk-amd64/lib/jli/libjli.so
7efc004d5000-7efc006d4000 ---p 00010000 ca:01 257117                     /usr/lib/jvm/java-11-openjdk-amd64/lib/jli/libjli.so
7efc006d4000-7efc006d5000 r--p 0000f000 ca:01 257117                     /usr/lib/jvm/java-11-openjdk-amd64/lib/jli/libjli.so
7efc006d5000-7efc006d6000 rw-p 00010000 ca:01 257117                     /usr/lib/jvm/java-11-openjdk-amd64/lib/jli/libjli.so
7efc006d6000-7efc006fd000 r-xp 00000000 ca:01 2075                       /lib/x86_64-linux-gnu/ld-2.27.so
7efc007ba000-7efc007e2000 rw-p 00000000 00:00 0 
7efc007e2000-7efc007e9000 ---p 00000000 00:00 0 
7efc007e9000-7efc007f1000 rw-s 00000000 ca:01 256211                     /tmp/hsperfdata_root/1117
7efc007f1000-7efc007f5000 ---p 00000000 00:00 0 
7efc007f5000-7efc008f4000 rw-p 00000000 00:00 0 
7efc008f7000-7efc008f9000 r--s 00007000 ca:01 55672                      /usr/share/java/java-atk-wrapper.jar
7efc008f9000-7efc008fa000 ---p 00000000 00:00 0 
7efc008fa000-7efc008fb000 r--p 00000000 00:00 0 
7efc008fb000-7efc008fd000 rw-p 00000000 00:00 0 
7efc008fd000-7efc008fe000 r--p 00027000 ca:01 2075                       /lib/x86_64-linux-gnu/ld-2.27.so
7efc008fe000-7efc008ff000 rw-p 00028000 ca:01 2075                       /lib/x86_64-linux-gnu/ld-2.27.so
7efc008ff000-7efc00900000 rw-p 00000000 00:00 0 
7ffd99f89000-7ffd99faa000 rw-p 00000000 00:00 0                          [stack]
7ffd99ff5000-7ffd99ff8000 r--p 00000000 00:00 0                          [vvar]
7ffd99ff8000-7ffd99ffa000 r-xp 00000000 00:00 0                          [vdso]
ffffffffff600000-ffffffffff601000 r-xp 00000000 00:00 0                  [vsyscall]


VM Arguments:
jvm_args: -Xms1024M -Xmx1024M -XX:+UseG1GC 
java_command: server.jar nogui
java_class_path (initial): server.jar
Launcher Type: SUN_STANDARD

[Global flags]
     intx CICompilerCount                          = 2                                         {product} {ergonomic}
     uint ConcGCThreads                            = 1                                         {product} {ergonomic}
     uint G1ConcRefinementThreads                  = 1                                         {product} {ergonomic}
   size_t G1HeapRegionSize                         = 1048576                                   {product} {ergonomic}
    uintx GCDrainStackTargetSize                   = 64                                        {product} {ergonomic}
   size_t InitialHeapSize                          = 1073741824                                {product} {command line}
   size_t MarkStackSize                            = 4194304                                   {product} {ergonomic}
   size_t MaxHeapSize                              = 1073741824                                {product} {command line}
   size_t MinHeapDeltaBytes                        = 1048576                                   {product} {ergonomic}
    uintx NonNMethodCodeHeapSize                   = 5825164                                {pd product} {ergonomic}
    uintx NonProfiledCodeHeapSize                  = 122916538                              {pd product} {ergonomic}
    uintx ProfiledCodeHeapSize                     = 122916538                              {pd product} {ergonomic}
    uintx ReservedCodeCacheSize                    = 251658240                              {pd product} {ergonomic}
     bool SegmentedCodeCache                       = true                                      {product} {ergonomic}
     bool UseCompressedClassPointers               = true                                 {lp64_product} {ergonomic}
     bool UseCompressedOops                        = true                                 {lp64_product} {ergonomic}
     bool UseG1GC                                  = true                                      {product} {command line}

Logging:
Log output configuration:
 #0: stdout all=warning uptime,level,tags
 #1: stderr all=off uptime,level,tags

Environment Variables:
PATH=/usr/local/sbin:/usr/local/bin:/usr/sbin:/usr/bin:/sbin:/bin:/snap/bin
USERNAME=root
SHELL=/bin/bash

Signal Handlers:
SIGSEGV: [libjvm.so+0xdf8d00], sa_mask[0]=11111111011111111101111111111110, sa_flags=SA_RESTART|SA_SIGINFO
SIGBUS: [libjvm.so+0xdf8d00], sa_mask[0]=11111111011111111101111111111110, sa_flags=SA_RESTART|SA_SIGINFO
SIGFPE: [libjvm.so+0xdf8d00], sa_mask[0]=11111111011111111101111111111110, sa_flags=SA_RESTART|SA_SIGINFO
SIGPIPE: [libjvm.so+0xbcbc30], sa_mask[0]=11111111011111111101111111111110, sa_flags=SA_RESTART|SA_SIGINFO
SIGXFSZ: [libjvm.so+0xbcbc30], sa_mask[0]=11111111011111111101111111111110, sa_flags=SA_RESTART|SA_SIGINFO
SIGILL: [libjvm.so+0xdf8d00], sa_mask[0]=11111111011111111101111111111110, sa_flags=SA_RESTART|SA_SIGINFO
SIGUSR2: [libjvm.so+0xbcbad0], sa_mask[0]=00000000000000000000000000000000, sa_flags=SA_RESTART|SA_SIGINFO
SIGHUP: SIG_DFL, sa_mask[0]=00000000000000000000000000000000, sa_flags=none
SIGINT: SIG_DFL, sa_mask[0]=00000000000000000000000000000000, sa_flags=none
SIGTERM: SIG_DFL, sa_mask[0]=00000000000000000000000000000000, sa_flags=none
SIGQUIT: SIG_DFL, sa_mask[0]=00000000000000000000000000000000, sa_flags=none


---------------  S Y S T E M  ---------------

OS:DISTRIB_ID=Ubuntu
DISTRIB_RELEASE=18.04
DISTRIB_CODENAME=bionic
DISTRIB_DESCRIPTION="Ubuntu 18.04.1 LTS"
uname:Linux 4.15.0-1021-aws #21-Ubuntu SMP Tue Aug 28 10:23:07 UTC 2018 x86_64
OS uptime: 0 days 0:02 hours
libc:glibc 2.27 NPTL 2.27 
rlimit: STACK 8192k, CORE 0k, NPROC 3841, NOFILE 1048576, AS infinity, CPU infinity, DATA infinity, FSIZE infinity
load average:0.03 0.03 0.00

/proc/meminfo:
MemTotal:        1007540 kB
MemFree:          617756 kB
MemAvailable:     762324 kB
Buffers:           25192 kB
Cached:           238404 kB
SwapCached:            0 kB
Active:           163512 kB
Inactive:         147024 kB
Active(anon):      51224 kB
Inactive(anon):      516 kB
Active(file):     112288 kB
Inactive(file):   146508 kB
Unevictable:        5408 kB
Mlocked:            5408 kB
SwapTotal:             0 kB
SwapFree:              0 kB
Dirty:               220 kB
Writeback:             0 kB
AnonPages:         52388 kB
Mapped:            71464 kB
Shmem:               752 kB
Slab:              50860 kB
SReclaimable:      26864 kB
SUnreclaim:        23996 kB
KernelStack:        2048 kB
PageTables:         4012 kB
NFS_Unstable:          0 kB
Bounce:                0 kB
WritebackTmp:          0 kB
CommitLimit:      503768 kB
Committed_AS:     359568 kB
VmallocTotal:   34359738367 kB
VmallocUsed:           0 kB
VmallocChunk:          0 kB
HardwareCorrupted:     0 kB
AnonHugePages:         0 kB
ShmemHugePages:        0 kB
ShmemPmdMapped:        0 kB
CmaTotal:              0 kB
CmaFree:               0 kB
HugePages_Total:       0
HugePages_Free:        0
HugePages_Rsvd:        0
HugePages_Surp:        0
Hugepagesize:       2048 kB
DirectMap4k:       55296 kB
DirectMap2M:      993280 kB


/proc/sys/kernel/threads-max (system-wide limit on the number of threads):
7683


/proc/sys/vm/max_map_count (maximum number of memory map areas a process may have):
65530


/proc/sys/kernel/pid_max (system-wide limit on number of process identifiers):
32768



container (cgroup) information:
container_type: cgroupv1
cpu_cpuset_cpus: 0
cpu_memory_nodes: 0
active_processor_count: 1
cpu_quota: -1
cpu_period: 100000
cpu_shares: -1
memory_limit_in_bytes: -1
memory_and_swap_limit_in_bytes: -2
memory_soft_limit_in_bytes: -1
memory_usage_in_bytes: 53530624
memory_max_usage_in_bytes: 60981248

Xen hardware-assisted virtualization detected
Steal ticks since vm start: 0
Steal ticks percentage since vm start:  0.000

CPU:total 1 (initial active 1) (1 cores per cpu, 1 threads per core) family 6 model 63 stepping 2, cmov, cx8, fxsr, mmx, sse, sse2, sse3, ssse3, sse4.1, sse4.2, popcnt, avx, avx2, aes, clmul, erms, lzcnt, tsc, bmi1, bmi2, fma
CPU Model and flags from /proc/cpuinfo:
model name	: Intel(R) Xeon(R) CPU E5-2676 v3 @ 2.40GHz
flags		: fpu vme de pse tsc msr pae mce cx8 apic sep mtrr pge mca cmov pat pse36 clflush mmx fxsr sse sse2 ht syscall nx rdtscp lm constant_tsc rep_good nopl xtopology cpuid pni pclmulqdq ssse3 fma cx16 pcid sse4_1 sse4_2 x2apic movbe popcnt tsc_deadline_timer aes xsave avx f16c rdrand hypervisor lahf_lm abm cpuid_fault invpcid_single pti fsgsbase bmi1 avx2 smep bmi2 erms invpcid xsaveopt

Memory: 4k page, physical 1007540k(617756k free), swap 0k(0k free)

vm_info: OpenJDK 64-Bit Server VM (11.0.7+10-post-Ubuntu-2ubuntu218.04) for linux-amd64 JRE (11.0.7+10-post-Ubuntu-2ubuntu218.04), built on Apr 15 2020 21:12:54 by "unknown" with gcc 7.5.0

END.
